2026-06-06 17:17:31,839 [INFO] ========================================
2026-06-06 17:17:31,944 [INFO] ========================================
2026-06-06 17:17:31,948 [INFO] ========================================
2026-06-06 17:17:32,034 [INFO] server listening on 127.0.0.1:8999
2026-06-06 17:17:32,036 [INFO] server listening on [::1]:8999
2026-06-06 17:18:43,534 [INFO] ========================================
2026-06-06 17:18:43,545 [INFO] ========================================
2026-06-06 17:18:43,548 [INFO] ========================================
2026-06-06 17:18:43,615 [INFO] server listening on [::1]:8999
2026-06-06 17:18:43,620 [INFO] server listening on 127.0.0.1:8999
2026-06-06 17:28:32,473 [INFO] ========================================
2026-06-06 17:28:32,486 [INFO] ========================================
2026-06-06 17:28:32,494 [INFO] ========================================
2026-06-06 17:28:32,570 [INFO] server listening on 127.0.0.1:8999
2026-06-06 17:28:32,571 [INFO] server listening on [::1]:8999
2026-06-06 17:37:36,495 [INFO] ========================================
2026-06-06 17:37:36,507 [INFO] ========================================
2026-06-06 17:37:36,520 [INFO] ========================================
2026-06-06 17:37:36,580 [INFO] server listening on [::1]:8999
2026-06-06 17:37:36,581 [INFO] server listening on 127.0.0.1:8999
2026-06-06 17:39:19,810 [INFO] server closing
2026-06-06 17:39:19,811 [INFO] server closed
2026-06-06 17:39:23,267 [INFO] ========================================
2026-06-06 17:39:23,268 [INFO]  BRunner Native OS Host Started
2026-06-06 17:39:23,268 [INFO]  Listening on ws://localhost:8999
2026-06-06 17:39:23,268 [INFO] ========================================
2026-06-06 17:39:23,268 [INFO]  YOUR PAIRING KEY: ac1890957e38af28cd5d0961e6d0d530
2026-06-06 17:39:23,269 [INFO] ========================================
2026-06-06 17:39:23,328 [INFO] server listening on [::1]:8999
2026-06-06 17:39:23,328 [INFO] server listening on 127.0.0.1:8999
2026-06-06 17:42:21,675 [INFO] connection open
2026-06-06 17:42:21,675 [INFO] [Network] New connection attempt from 127.0.0.1
2026-06-06 17:42:21,677 [INFO] [Inbound] Received Command: AUTH | Payload: {'key': 'ac1890957e38af28cd5d0961e6d0d530'}
2026-06-06 17:42:21,678 [INFO] [Auth] Extension connected and authenticated securely.
2026-06-06 17:43:49,388 [INFO] connection closed
2026-06-06 17:47:16,155 [INFO] server closing
2026-06-06 17:47:16,155 [INFO] server closed
2026-06-06 17:47:20,444 [INFO] ========================================
2026-06-06 17:47:20,444 [INFO]  BRunner Native OS Host Started
2026-06-06 17:47:20,445 [INFO]  Listening on ws://localhost:8999
2026-06-06 17:47:20,445 [INFO] ========================================
2026-06-06 17:47:20,445 [INFO]  YOUR PAIRING KEY: ac1890957e38af28cd5d0961e6d0d530
2026-06-06 17:47:20,445 [INFO] ========================================
2026-06-06 17:47:20,505 [INFO] server listening on 127.0.0.1:8999
2026-06-06 17:47:20,505 [INFO] server listening on [::1]:8999
2026-06-07 18:27:50,795 [INFO] ========================================
2026-06-07 18:27:50,796 [INFO]  BRunner Native OS Host Started
2026-06-07 18:27:50,800 [INFO]  Listening on ws://localhost:8999
2026-06-07 18:27:50,800 [INFO] ========================================
2026-06-07 18:27:50,800 [INFO]  YOUR PAIRING KEY: ac1890957e38af28cd5d0961e6d0d530
2026-06-07 18:27:50,801 [INFO] ========================================
2026-06-07 18:27:50,952 [INFO] server listening on [::1]:8999
2026-06-07 18:27:50,952 [INFO] server listening on 127.0.0.1:8999
2026-06-07 18:27:59,112 [INFO] connection open
2026-06-07 18:27:59,114 [INFO] [Network] New connection attempt from 127.0.0.1
2026-06-07 18:27:59,118 [INFO] [Inbound] Received Command: AUTH | Payload: {'key': 'ac1890957e38af28cd5d0961e6d0d530'}
2026-06-07 18:27:59,119 [INFO] [Auth] Extension connected and authenticated securely.
2026-06-07 18:27:59,122 [INFO] [Inbound] Received Command: LIST_WORKFLOWS | Payload: {}
2026-06-07 18:28:05,839 [INFO] [Inbound] Received Command: SAVE_WORKFLOW | Payload: {'filename': 'search apple on google.json', 'content': [{'id': 'step_4j76eq2tr', 'action': 'browser.navigate', 'target': '', 'payload': {'primary': 'www.google.com'}}, {'id': 'step_cvabu8kmw', 'action': 'element.type', 'target': '[name=q]', 'payload': {'primary': 'apple'}}, {'id': 'step_prtp00ebt', 'action': 'element.click', 'target': '[name=btnK]', 'payload': {}}]}
2026-06-07 18:28:08,689 [INFO] [Inbound] Received Command: LIST_WORKFLOWS | Payload: {}
2026-06-07 18:28:50,858 [INFO] connection closed
2026-06-07 18:28:56,894 [INFO] connection open
2026-06-07 18:28:56,895 [INFO] [Network] New connection attempt from 127.0.0.1
2026-06-07 18:28:56,896 [INFO] [Inbound] Received Command: AUTH | Payload: {'key': 'ac1890957e38af28cd5d0961e6d0d530'}
2026-06-07 18:28:56,897 [INFO] [Auth] Extension connected and authenticated securely.
2026-06-07 18:28:56,902 [INFO] [Inbound] Received Command: LIST_WORKFLOWS | Payload: {}
2026-06-07 18:28:58,975 [INFO] [Inbound] Received Command: LOAD_WORKFLOW | Payload: {'filename': 'search apple on google.json'}
2026-06-07 18:29:23,868 [INFO] [Inbound] Received Command: LIST_WORKFLOWS | Payload: {}
2026-06-07 18:29:55,517 [INFO] connection closed
2026-06-07 18:30:41,004 [INFO] ========================================
2026-06-07 18:30:41,005 [INFO]  BRunner Native OS Host Started
2026-06-07 18:30:41,005 [INFO]  Listening on ws://localhost:8999
2026-06-07 18:30:41,005 [INFO] ========================================
2026-06-07 18:30:41,005 [INFO]  YOUR PAIRING KEY: ac1890957e38af28cd5d0961e6d0d530
2026-06-07 18:30:41,006 [INFO] ========================================
2026-06-07 18:30:41,069 [INFO] server listening on [::1]:8999
2026-06-07 18:30:41,072 [INFO] server listening on 127.0.0.1:8999
2026-06-07 18:30:44,719 [INFO] connection open
2026-06-07 18:30:44,720 [INFO] [Network] New connection attempt from 127.0.0.1
2026-06-07 18:30:44,726 [INFO] [Inbound] Received Command: AUTH | Payload: {'key': 'ac1890957e38af28cd5d0961e6d0d530'}
2026-06-07 18:30:44,726 [INFO] [Auth] Extension connected and authenticated securely.
2026-06-07 18:30:44,731 [INFO] [Inbound] Received Command: LIST_WORKFLOWS | Payload: {}
2026-06-07 18:31:14,752 [INFO] connection closed
2026-06-07 18:33:47,207 [INFO] connection open
2026-06-07 18:33:47,208 [INFO] [Network] New connection attempt from 127.0.0.1
2026-06-07 18:33:47,210 [INFO] [Inbound] Received Command: AUTH | Payload: {'key': 'ac1890957e38af28cd5d0961e6d0d530'}
2026-06-07 18:33:47,210 [INFO] [Auth] Extension connected and authenticated securely.
2026-06-07 18:33:47,305 [INFO] [Inbound] Received Command: LIST_WORKFLOWS | Payload: {}
2026-06-07 18:33:50,145 [INFO] [Inbound] Received Command: LOAD_WORKFLOW | Payload: {'filename': 'search apple on google.json'}
2026-06-07 18:33:52,660 [INFO] [Inbound] Received Command: DELETE_WORKFLOW | Payload: {'filename': 'search apple on google.json'}
2026-06-07 18:33:52,667 [INFO] [Inbound] Received Command: LIST_WORKFLOWS | Payload: {}
2026-06-07 18:33:54,599 [INFO] [Inbound] Received Command: LIST_WORKFLOWS | Payload: {}
2026-06-07 18:33:56,248 [INFO] [Inbound] Received Command: SAVE_WORKFLOW | Payload: {'filename': 'search apple on google.json', 'content': [{'id': 'step_4j76eq2tr', 'action': 'browser.navigate', 'target': '', 'payload': {'primary': 'www.google.com'}}, {'id': 'step_cvabu8kmw', 'action': 'element.type', 'target': '[name=q]', 'payload': {'primary': 'apple'}}, {'id': 'step_prtp00ebt', 'action': 'element.click', 'target': '[name=btnK]', 'payload': {}}]}
2026-06-07 18:33:57,177 [INFO] [Inbound] Received Command: LIST_WORKFLOWS | Payload: {}
2026-06-07 18:34:27,195 [INFO] connection closed
2026-06-07 18:37:22,196 [INFO] ========================================
2026-06-07 18:37:22,197 [INFO]  BRunner Native OS Host Started
2026-06-07 18:37:22,197 [INFO]  Listening on ws://localhost:8999
2026-06-07 18:37:22,197 [INFO] ========================================
2026-06-07 18:37:22,197 [INFO]  YOUR PAIRING KEY: ac1890957e38af28cd5d0961e6d0d530
2026-06-07 18:37:22,198 [INFO] ========================================
2026-06-07 18:37:22,271 [INFO] server listening on 127.0.0.1:8999
2026-06-07 18:37:22,273 [INFO] server listening on [::1]:8999
2026-06-07 18:37:27,749 [INFO] connection open
2026-06-07 18:37:27,750 [INFO] [Network] New connection attempt from 127.0.0.1
2026-06-07 18:37:27,751 [INFO] [Inbound] Received Command: AUTH | Payload: {'key': 'ac1890957e38af28cd5d0961e6d0d530'}
2026-06-07 18:37:27,752 [INFO] [Auth] Extension connected and authenticated securely.
2026-06-07 18:37:27,754 [INFO] [Inbound] Received Command: LIST_WORKFLOWS | Payload: {}
2026-06-07 18:38:19,261 [INFO] connection closed
2026-06-07 18:38:36,904 [INFO] connection open
2026-06-07 18:38:36,904 [INFO] [Network] New connection attempt from 127.0.0.1
2026-06-07 18:38:36,907 [INFO] [Inbound] Received Command: AUTH | Payload: {'key': 'ac1890957e38af28cd5d0961e6d0d530'}
2026-06-07 18:38:36,908 [INFO] [Auth] Extension connected and authenticated securely.
2026-06-07 18:38:36,913 [INFO] [Inbound] Received Command: LIST_WORKFLOWS | Payload: {}
2026-06-07 18:39:06,920 [INFO] connection closed
2026-06-07 18:39:18,418 [INFO] connection open
2026-06-07 18:39:18,418 [INFO] [Network] New connection attempt from 127.0.0.1
2026-06-07 18:39:18,420 [INFO] [Inbound] Received Command: AUTH | Payload: {'key': 'ac1890957e38af28cd5d0961e6d0d530'}
2026-06-07 18:39:18,420 [INFO] [Auth] Extension connected and authenticated securely.
2026-06-07 18:39:18,422 [INFO] [Inbound] Received Command: LOAD_WORKFLOW | Payload: {'filename': 'search apple on google.json'}
2026-06-07 18:39:48,448 [INFO] connection closed
2026-06-07 18:40:36,383 [INFO] connection open
2026-06-07 18:40:36,383 [INFO] [Network] New connection attempt from 127.0.0.1
2026-06-07 18:40:36,385 [INFO] [Inbound] Received Command: AUTH | Payload: {'key': 'ac1890957e38af28cd5d0961e6d0d530'}
2026-06-07 18:40:36,386 [INFO] [Auth] Extension connected and authenticated securely.
2026-06-07 18:40:36,393 [INFO] [Inbound] Received Command: LIST_WORKFLOWS | Payload: {}
2026-06-07 18:40:38,545 [INFO] [Inbound] Received Command: LOAD_WORKFLOW | Payload: {'filename': 'search apple on google.json'}
2026-06-07 18:40:45,329 [INFO] [Inbound] Received Command: SAVE_WORKFLOW | Payload: {'filename': 'search apple on google 2.json', 'content': [{'id': 'step_4j76eq2tr', 'action': 'browser.navigate', 'target': '', 'payload': {'primary': 'www.google.com'}}, {'id': 'step_cvabu8kmw', 'action': 'element.type', 'target': '[name=q]', 'payload': {'primary': 'apple'}}, {'id': 'step_prtp00ebt', 'action': 'element.click', 'target': '[name=btnK]', 'payload': {}}]}
2026-06-07 18:40:46,338 [INFO] [Inbound] Received Command: LIST_WORKFLOWS | Payload: {}
2026-06-07 18:41:16,348 [INFO] connection closed
2026-06-07 18:41:29,737 [INFO] connection open
2026-06-07 18:41:29,738 [INFO] [Network] New connection attempt from 127.0.0.1
2026-06-07 18:41:29,739 [INFO] [Inbound] Received Command: AUTH | Payload: {'key': 'ac1890957e38af28cd5d0961e6d0d530'}
2026-06-07 18:41:29,740 [INFO] [Auth] Extension connected and authenticated securely.
2026-06-07 18:41:29,741 [INFO] [Inbound] Received Command: SAVE_WORKFLOW | Payload: {'filename': 'search apple on google 2.json', 'content': [{'id': 'step_4j76eq2tr', 'action': 'browser.navigate', 'target': '', 'payload': {'primary': 'www.google.com'}}, {'id': 'step_cvabu8kmw', 'action': 'element.type', 'target': '[name=q]', 'payload': {'primary': 'apple'}}, {'id': 'step_prtp00ebt', 'action': 'element.click', 'target': '[name=btnK]', 'payload': {}}]}
2026-06-07 18:41:32,195 [INFO] [Inbound] Received Command: LIST_WORKFLOWS | Payload: {}
2026-06-07 18:42:02,211 [INFO] connection closed
2026-06-07 18:43:24,379 [INFO] connection open
2026-06-07 18:43:24,379 [INFO] [Network] New connection attempt from 127.0.0.1
2026-06-07 18:43:24,381 [INFO] [Inbound] Received Command: AUTH | Payload: {'key': 'ac1890957e38af28cd5d0961e6d0d530'}
2026-06-07 18:43:24,382 [INFO] [Auth] Extension connected and authenticated securely.
2026-06-07 18:43:24,386 [INFO] [Inbound] Received Command: LIST_WORKFLOWS | Payload: {}
2026-06-07 18:43:39,955 [INFO] [Inbound] Received Command: DUPLICATE_WORKFLOW | Payload: {'filename': 'search apple on google.json', 'new_filename': 'search apple on google_copy'}
2026-06-07 18:43:39,963 [INFO] [Inbound] Received Command: LIST_WORKFLOWS | Payload: {}
2026-06-07 18:43:42,624 [INFO] [Inbound] Received Command: LOAD_WORKFLOW | Payload: {'filename': 'search apple on google_copy.json'}
2026-06-07 18:44:22,558 [INFO] connection closed
2026-06-07 18:47:26,750 [INFO] connection open
2026-06-07 18:47:26,750 [INFO] [Network] New connection attempt from 127.0.0.1
2026-06-07 18:47:26,752 [INFO] [Inbound] Received Command: AUTH | Payload: {'key': 'ac1890957e38af28cd5d0961e6d0d530'}
2026-06-07 18:47:26,753 [INFO] [Auth] Extension connected and authenticated securely.
2026-06-07 18:47:26,758 [INFO] [Inbound] Received Command: LIST_WORKFLOWS | Payload: {}
2026-06-07 18:48:29,942 [INFO] connection closed
2026-06-07 18:48:41,512 [INFO] connection open
2026-06-07 18:48:41,513 [INFO] [Network] New connection attempt from 127.0.0.1
2026-06-07 18:48:41,515 [INFO] [Inbound] Received Command: AUTH | Payload: {'key': 'ac1890957e38af28cd5d0961e6d0d530'}
2026-06-07 18:48:41,516 [INFO] [Auth] Extension connected and authenticated securely.
2026-06-07 18:48:41,524 [INFO] [Inbound] Received Command: LIST_WORKFLOWS | Payload: {}
2026-06-07 18:49:06,635 [INFO] [Inbound] Received Command: LIST_WORKFLOWS | Payload: {}
2026-06-07 18:50:04,478 [INFO] connection closed
2026-06-07 18:54:13,217 [INFO] connection open
2026-06-07 18:54:13,218 [INFO] [Network] New connection attempt from 127.0.0.1
2026-06-07 18:54:13,220 [INFO] [Inbound] Received Command: AUTH | Payload: {'key': 'ac1890957e38af28cd5d0961e6d0d530'}
2026-06-07 18:54:13,221 [INFO] [Auth] Extension connected and authenticated securely.
2026-06-07 18:54:13,225 [INFO] [Inbound] Received Command: LIST_WORKFLOWS | Payload: {}
2026-06-07 18:55:04,079 [INFO] connection closed
2026-06-07 18:55:30,412 [INFO] connection open
2026-06-07 18:55:30,412 [INFO] [Network] New connection attempt from 127.0.0.1
2026-06-07 18:55:30,414 [INFO] [Inbound] Received Command: AUTH | Payload: {'key': 'ac1890957e38af28cd5d0961e6d0d530'}
2026-06-07 18:55:30,415 [INFO] [Auth] Extension connected and authenticated securely.
2026-06-07 18:55:30,420 [INFO] [Inbound] Received Command: LIST_WORKFLOWS | Payload: {}
2026-06-07 18:58:18,945 [INFO] connection closed
2026-06-07 19:14:57,027 [INFO] connection open
2026-06-07 19:14:57,028 [INFO] [Network] New connection attempt from 127.0.0.1
2026-06-07 19:14:57,030 [INFO] [Inbound] Received Command: AUTH | Payload: {'key': 'ac1890957e38af28cd5d0961e6d0d530'}
2026-06-07 19:14:57,031 [INFO] [Auth] Extension connected and authenticated securely.
2026-06-07 19:14:57,036 [INFO] [Inbound] Received Command: LIST_WORKFLOWS | Payload: {}
2026-06-07 19:16:02,701 [INFO] [Inbound] Received Command: SAVE_WORKFLOW | Payload: {'filename': 'Untitled.json', 'content': [{'id': 'step_v3r8wk46r', 'action': 'element.click', 'target': 'ctrl_181305986', 'friendlyName': 'Span: Wikipedia', 'payload': {}}, {'id': 'step_egpdec61t', 'action': 'element.click', 'target': 'ctrl_353773681', 'friendlyName': 'Input: search', 'payload': {}}, {'id': 'step_gcz455vg9', 'action': 'keyboard.send_keys', 'target': None, 'friendlyName': 'Key: Tab', 'payload': {'primary': 'Tab'}}, {'id': 'step_rcaso30sf', 'action': 'element.type', 'target': 'ctrl_353773681', 'friendlyName': 'Input: apple', 'payload': {'primary': 'apple'}}, {'id': 'step_niiczxk8q', 'action': 'keyboard.send_keys', 'target': None, 'friendlyName': 'Key: Tab', 'payload': {'primary': 'Tab'}}, {'id': 'step_vk5sqz0vm', 'action': 'element.click', 'target': 'ctrl_1267810713', 'friendlyName': 'I: Search', 'payload': {}}]}
2026-06-07 19:16:04,254 [INFO] [Inbound] Received Command: LIST_WORKFLOWS | Payload: {}
2026-06-07 19:16:34,270 [INFO] connection closed
2026-06-07 19:33:45,649 [INFO] connection open
2026-06-07 19:33:45,650 [INFO] [Network] New connection attempt from 127.0.0.1
2026-06-07 19:33:45,653 [INFO] [Inbound] Received Command: AUTH | Payload: {'key': 'ac1890957e38af28cd5d0961e6d0d530'}
2026-06-07 19:33:45,653 [INFO] [Auth] Extension connected and authenticated securely.
2026-06-07 19:33:45,658 [INFO] [Inbound] Received Command: LIST_WORKFLOWS | Payload: {}
2026-06-07 19:33:47,320 [INFO] [Inbound] Received Command: LOAD_WORKFLOW | Payload: {'filename': 'Untitled.json'}
2026-06-07 19:34:17,360 [INFO] connection closed
2026-06-07 19:34:54,611 [INFO] connection open
2026-06-07 19:34:54,611 [INFO] [Network] New connection attempt from 127.0.0.1
2026-06-07 19:34:54,614 [INFO] [Inbound] Received Command: AUTH | Payload: {'key': 'ac1890957e38af28cd5d0961e6d0d530'}
2026-06-07 19:34:54,614 [INFO] [Auth] Extension connected and authenticated securely.
2026-06-07 19:34:54,616 [INFO] [Inbound] Received Command: LIST_WORKFLOWS | Payload: {}
2026-06-07 19:34:55,816 [INFO] [Inbound] Received Command: LOAD_WORKFLOW | Payload: {'filename': 'Untitled.json'}
2026-06-07 19:35:25,833 [INFO] connection closed
2026-06-07 19:43:49,830 [INFO] connection open
2026-06-07 19:43:49,831 [INFO] [Network] New connection attempt from 127.0.0.1
2026-06-07 19:43:49,832 [INFO] [Inbound] Received Command: AUTH | Payload: {'key': 'ac1890957e38af28cd5d0961e6d0d530'}
2026-06-07 19:43:49,833 [INFO] [Auth] Extension connected and authenticated securely.
2026-06-07 19:43:49,834 [INFO] [Inbound] Received Command: LIST_WORKFLOWS | Payload: {}
2026-06-07 19:44:13,567 [INFO] connection closed
2026-06-07 19:44:14,816 [INFO] connection open
2026-06-07 19:44:14,818 [INFO] [Network] New connection attempt from 127.0.0.1
2026-06-07 19:44:14,822 [INFO] [Inbound] Received Command: AUTH | Payload: {'key': 'ac1890957e38af28cd5d0961e6d0d530'}
2026-06-07 19:44:14,828 [INFO] [Auth] Extension connected and authenticated securely.
2026-06-07 19:44:14,830 [INFO] [Inbound] Received Command: LIST_WORKFLOWS | Payload: {}
2026-06-07 19:44:51,510 [INFO] connection closed
2026-06-07 20:53:43,195 [INFO] connection open
2026-06-07 20:53:43,197 [INFO] [Network] New connection attempt from 127.0.0.1
2026-06-07 20:53:43,199 [INFO] [Inbound] Received Command: AUTH | Payload: {'key': 'ac1890957e38af28cd5d0961e6d0d530'}
2026-06-07 20:53:43,200 [INFO] [Auth] Extension connected and authenticated securely.
2026-06-07 20:53:43,201 [INFO] [Inbound] Received Command: LIST_WORKFLOWS | Payload: {}
2026-06-07 20:54:13,221 [INFO] connection closed
2026-06-07 21:14:56,698 [INFO] connection open
2026-06-07 21:14:56,699 [INFO] [Network] New connection attempt from 127.0.0.1
2026-06-07 21:14:56,701 [INFO] [Inbound] Received Command: AUTH | Payload: {'key': 'ac1890957e38af28cd5d0961e6d0d530'}
2026-06-07 21:14:56,702 [INFO] [Auth] Extension connected and authenticated securely.
2026-06-07 21:14:56,703 [INFO] [Inbound] Received Command: LIST_WORKFLOWS | Payload: {}
2026-06-07 21:15:07,750 [INFO] [Inbound] Received Command: LOAD_WORKFLOW | Payload: {'filename': 'search apple on google 2.json'}
2026-06-07 21:15:14,551 [INFO] [Inbound] Received Command: LOAD_WORKFLOW | Payload: {'filename': 'Untitled.json'}
2026-06-07 21:15:19,333 [INFO] [Inbound] Received Command: LOAD_WORKFLOW | Payload: {'filename': 'search apple on google_copy.json'}
2026-06-07 21:15:35,203 [INFO] [Inbound] Received Command: LIST_WORKFLOWS | Payload: {}
2026-06-07 21:15:47,042 [INFO] connection closed
2026-06-07 21:15:59,448 [INFO] connection open
2026-06-07 21:15:59,449 [INFO] [Network] New connection attempt from 127.0.0.1
2026-06-07 21:15:59,451 [INFO] [Inbound] Received Command: AUTH | Payload: {'key': 'ac1890957e38af28cd5d0961e6d0d530'}
2026-06-07 21:15:59,451 [INFO] [Auth] Extension connected and authenticated securely.
2026-06-07 21:15:59,453 [INFO] [Inbound] Received Command: LIST_WORKFLOWS | Payload: {}
2026-06-07 21:16:27,164 [INFO] [Inbound] Received Command: LIST_WORKFLOWS | Payload: {}
2026-06-07 21:18:19,051 [INFO] connection closed
2026-06-07 21:37:57,839 [INFO] connection open
2026-06-07 21:37:57,839 [INFO] [Network] New connection attempt from 127.0.0.1
2026-06-07 21:37:57,841 [INFO] [Inbound] Received Command: AUTH | Payload: {'key': 'ac1890957e38af28cd5d0961e6d0d530'}
2026-06-07 21:37:57,842 [INFO] [Auth] Extension connected and authenticated securely.
2026-06-07 21:37:57,843 [INFO] [Inbound] Received Command: LIST_WORKFLOWS | Payload: {}
2026-06-07 21:38:14,354 [INFO] [Inbound] Received Command: SAVE_WORKFLOW | Payload: {'filename': 'AutoSave_2026-06-07-16-38-14.json', 'content': [{'id': 'step_d06i64qwu', 'action': 'element.click', 'target': 'ctrl_30877699', 'friendlyName': 'Textarea: Search', 'payload': {}}, {'id': 'step_l8hti8i81', 'action': 'keyboard.send_keys', 'target': None, 'friendlyName': 'Key: Enter', 'payload': {'primary': 'Enter'}}, {'id': 'step_3li1irkse', 'action': 'element.type', 'target': 'ctrl_30877699', 'friendlyName': 'Textarea: Search', 'payload': {'primary': 'apples'}}]}
2026-06-07 21:38:14,362 [INFO] [Inbound] Received Command: LIST_WORKFLOWS | Payload: {}
2026-06-07 21:38:19,552 [INFO] [Inbound] Received Command: LOAD_WORKFLOW | Payload: {'filename': 'AutoSave_2026-06-07-16-38-14.json'}
2026-06-07 21:38:26,296 [INFO] [Inbound] Received Command: LOAD_WORKFLOW | Payload: {'filename': 'AutoSave_2026-06-07-16-38-14.json'}
2026-06-07 21:38:32,839 [INFO] [Inbound] Received Command: LOAD_WORKFLOW | Payload: {'filename': 'AutoSave_2026-06-07-16-38-14.json'}
2026-06-07 21:38:38,609 [INFO] [Inbound] Received Command: LOAD_WORKFLOW | Payload: {'filename': 'AutoSave_2026-06-07-16-38-14.json'}
2026-06-07 21:38:47,679 [INFO] [Inbound] Received Command: LIST_WORKFLOWS | Payload: {}
2026-06-07 21:38:49,583 [INFO] [Inbound] Received Command: LOAD_WORKFLOW | Payload: {'filename': 'AutoSave_2026-06-07-16-38-14.json'}
2026-06-07 21:39:42,528 [INFO] [Inbound] Received Command: LOAD_WORKFLOW | Payload: {'filename': 'search apple on google 2.json'}
2026-06-07 21:40:20,480 [INFO] connection closed
2026-06-07 21:47:57,784 [INFO] connection open
2026-06-07 21:47:57,784 [INFO] [Network] New connection attempt from 127.0.0.1
2026-06-07 21:47:57,786 [INFO] [Inbound] Received Command: AUTH | Payload: {'key': 'ac1890957e38af28cd5d0961e6d0d530'}
2026-06-07 21:47:57,787 [INFO] [Auth] Extension connected and authenticated securely.
2026-06-07 21:47:57,788 [INFO] [Inbound] Received Command: LIST_WORKFLOWS | Payload: {}
2026-06-07 21:48:27,207 [INFO] connection closed
2026-06-07 21:48:38,264 [INFO] connection open
2026-06-07 21:48:38,265 [INFO] [Network] New connection attempt from 127.0.0.1
2026-06-07 21:48:38,267 [INFO] [Inbound] Received Command: AUTH | Payload: {'key': 'ac1890957e38af28cd5d0961e6d0d530'}
2026-06-07 21:48:38,267 [INFO] [Auth] Extension connected and authenticated securely.
2026-06-07 21:48:38,268 [INFO] [Inbound] Received Command: LIST_WORKFLOWS | Payload: {}
2026-06-07 21:49:09,658 [INFO] connection closed
2026-06-07 21:51:52,901 [INFO] connection open
2026-06-07 21:51:52,902 [INFO] [Network] New connection attempt from 127.0.0.1
2026-06-07 21:51:52,904 [INFO] [Inbound] Received Command: AUTH | Payload: {'key': 'ac1890957e38af28cd5d0961e6d0d530'}
2026-06-07 21:51:52,904 [INFO] [Auth] Extension connected and authenticated securely.
2026-06-07 21:51:52,906 [INFO] [Inbound] Received Command: LIST_WORKFLOWS | Payload: {}
2026-06-07 21:51:58,482 [INFO] [Inbound] Received Command: LIST_WORKFLOWS | Payload: {}
2026-06-07 21:52:00,985 [INFO] [Inbound] Received Command: LOAD_WORKFLOW | Payload: {'filename': 'AutoSave_2026-06-07-16-38-14.json'}
2026-06-07 21:52:15,146 [INFO] [Inbound] Received Command: LOAD_WORKFLOW | Payload: {'filename': 'AutoSave_2026-06-07-16-38-14.json'}
2026-06-07 21:52:20,714 [INFO] [Inbound] Received Command: SAVE_WORKFLOW | Payload: {'filename': 'AutoSave_2026-06-07-16-38-14.json', 'content': {'boundDomain': 'www.google.com', 'steps': [{'id': 'step_d06i64qwu', 'action': 'element.click', 'target': 'ctrl_30877699', 'friendlyName': 'Textarea: Search', 'payload': {}}, {'id': 'step_l8hti8i81', 'action': 'keyboard.send_keys', 'target': None, 'friendlyName': 'Key: Enter', 'payload': {'primary': 'Enter'}}, {'id': 'step_3li1irkse', 'action': 'element.type', 'target': 'ctrl_30877699', 'friendlyName': 'Textarea: Search', 'payload': {'primary': 'apples'}}]}}
2026-06-07 21:52:22,364 [INFO] [Inbound] Received Command: LIST_WORKFLOWS | Payload: {}
2026-06-07 21:53:23,122 [INFO] connection closed
2026-06-07 22:19:36,598 [INFO] connection open
2026-06-07 22:19:36,601 [INFO] [Network] New connection attempt from 127.0.0.1
2026-06-07 22:19:36,602 [INFO] [Inbound] Received Command: AUTH | Payload: {'key': 'ac1890957e38af28cd5d0961e6d0d530'}
2026-06-07 22:19:36,602 [INFO] [Auth] Extension connected and authenticated securely.
2026-06-07 22:19:36,604 [INFO] [Inbound] Received Command: LIST_WORKFLOWS | Payload: {}
2026-06-07 22:19:37,798 [INFO] [Inbound] Received Command: LIST_WORKFLOWS | Payload: {}
2026-06-07 22:19:44,990 [INFO] [Inbound] Received Command: LOAD_WORKFLOW | Payload: {'filename': 'AutoSave_2026-06-07-16-38-14.json'}
2026-06-07 22:20:13,933 [INFO] [Inbound] Received Command: SAVE_WORKFLOW | Payload: {'filename': 'AutoSave_2026-06-07-16-38-14.json', 'content': {'boundDomain': 'www.google.com', 'steps': [{'id': 'step_d06i64qwu', 'action': 'element.click', 'target': 'ctrl_30877699', 'friendlyName': 'Textarea: Search', 'payload': {}}, {'id': 'step_3li1irkse', 'action': 'element.type', 'target': 'ctrl_30877699', 'friendlyName': 'Textarea: Search', 'payload': {'primary': 'apples'}}, {'id': 'step_l8hti8i81', 'action': 'keyboard.send_keys', 'target': None, 'friendlyName': 'Key: Enter', 'payload': {'primary': 'Enter'}}]}}
2026-06-07 22:20:15,224 [INFO] [Inbound] Received Command: LIST_WORKFLOWS | Payload: {}
2026-06-07 22:20:49,612 [INFO] [Inbound] Received Command: LOAD_WORKFLOW | Payload: {'filename': 'search apple on google.json'}
2026-06-07 22:20:59,365 [INFO] [Inbound] Received Command: SAVE_WORKFLOW | Payload: {'filename': 'search apple on google.json', 'content': {'boundDomain': 'www.google.com', 'steps': [{'id': 'step_cvabu8kmw', 'action': 'element.type', 'target': '[name=q]', 'payload': {'primary': 'apple'}, 'friendlyName': None}, {'id': 'step_prtp00ebt', 'action': 'element.click', 'target': '[name=btnK]', 'payload': {}, 'friendlyName': None}]}}
2026-06-07 22:21:00,784 [INFO] [Inbound] Received Command: LIST_WORKFLOWS | Payload: {}
2026-06-07 22:21:50,858 [INFO] connection closed
2026-06-07 22:42:28,465 [INFO] connection open
2026-06-07 22:42:28,466 [INFO] [Network] New connection attempt from 127.0.0.1
2026-06-07 22:42:28,468 [INFO] [Inbound] Received Command: AUTH | Payload: {'key': 'ac1890957e38af28cd5d0961e6d0d530'}
2026-06-07 22:42:28,468 [INFO] [Auth] Extension connected and authenticated securely.
2026-06-07 22:42:28,471 [INFO] [Inbound] Received Command: LIST_WORKFLOWS | Payload: {}
2026-06-07 22:42:29,405 [INFO] [Inbound] Received Command: LIST_WORKFLOWS | Payload: {}
2026-06-07 22:43:21,190 [INFO] connection closed
2026-06-07 22:45:06,500 [INFO] connection open
2026-06-07 22:45:06,500 [INFO] [Network] New connection attempt from 127.0.0.1
2026-06-07 22:45:06,502 [INFO] [Inbound] Received Command: AUTH | Payload: {'key': 'ac1890957e38af28cd5d0961e6d0d530'}
2026-06-07 22:45:06,503 [INFO] [Auth] Extension connected and authenticated securely.
2026-06-07 22:45:06,504 [INFO] [Inbound] Received Command: LIST_WORKFLOWS | Payload: {}
2026-06-07 22:45:07,647 [INFO] [Inbound] Received Command: LIST_WORKFLOWS | Payload: {}
2026-06-07 22:46:11,870 [INFO] connection closed
2026-06-07 23:36:21,250 [INFO] connection open
2026-06-07 23:36:21,252 [INFO] [Network] New connection attempt from 127.0.0.1
2026-06-07 23:36:21,253 [INFO] [Inbound] Received Command: AUTH | Payload: {'key': 'ac1890957e38af28cd5d0961e6d0d530'}
2026-06-07 23:36:21,255 [INFO] [Auth] Extension connected and authenticated securely.
2026-06-07 23:36:21,256 [INFO] [Inbound] Received Command: LIST_WORKFLOWS | Payload: {}
2026-06-07 23:36:22,389 [INFO] [Inbound] Received Command: LIST_WORKFLOWS | Payload: {}
2026-06-07 23:36:54,159 [INFO] [Inbound] Received Command: SAVE_WORKFLOW | Payload: {'filename': 'AutoSave_2026-06-07-18-36-54.json', 'content': {'boundDomain': '', 'steps': [{'id': 'step_p9k01menj', 'action': 'element.click', 'target': '#APjFqb', 'targetType': 'id', 'friendlyName': 'Textarea: Search', 'payload': {}}, {'id': 'step_4gj44u8yl', 'action': 'element.type', 'target': '#APjFqb', 'targetType': 'id', 'friendlyName': 'Textarea: Search', 'payload': {'primary': 'gpt'}}, {'id': 'step_9ho8tcvpq', 'action': 'element.click', 'target': '[name="btnK"]', 'targetType': 'name', 'friendlyName': 'Input: Google Search', 'payload': {}}]}}
2026-06-07 23:36:54,166 [INFO] [Inbound] Received Command: LIST_WORKFLOWS | Payload: {}
2026-06-07 23:38:49,409 [INFO] connection closed
2026-06-08 20:10:52,995 [INFO] ========================================
2026-06-08 20:10:52,996 [INFO]  BRunner Native OS Host Started
2026-06-08 20:10:52,996 [INFO]  Listening on ws://localhost:8999
2026-06-08 20:10:52,996 [INFO] ========================================
2026-06-08 20:10:52,997 [INFO]  YOUR PAIRING KEY: ac1890957e38af28cd5d0961e6d0d530
2026-06-08 20:10:52,997 [INFO] ========================================
2026-06-08 20:10:53,105 [INFO] server listening on [::1]:8999
2026-06-08 20:10:53,106 [INFO] server listening on 127.0.0.1:8999
2026-06-08 20:11:50,471 [INFO] connection open
2026-06-08 20:11:50,472 [INFO] [Network] New connection attempt from 127.0.0.1
2026-06-08 20:11:50,474 [INFO] [Inbound] Received Command: AUTH | Payload: {'key': 'ac1890957e38af28cd5d0961e6d0d530'}
2026-06-08 20:11:50,475 [INFO] [Auth] Extension connected and authenticated securely.
2026-06-08 20:11:50,476 [INFO] [Inbound] Received Command: LIST_WORKFLOWS | Payload: {}
2026-06-08 20:11:51,946 [INFO] [Inbound] Received Command: LIST_WORKFLOWS | Payload: {}
2026-06-08 20:14:14,221 [INFO] [Inbound] Received Command: SAVE_WORKFLOW | Payload: {'filename': 'AutoSave_2026-06-08-15-14-14.json', 'content': {'boundDomain': '', 'steps': [{'id': 'step_dlf0s9xnh', 'action': 'element.click', 'target': '#UserName', 'targetType': 'id', 'friendlyName': 'Input: User Name', 'payload': {}}, {'id': 'step_fe7swt3bv', 'action': 'element.click', 'target': '#UserName', 'targetType': 'id', 'friendlyName': 'Input: User Name', 'payload': {}}, {'id': 'step_mb8znemuo', 'action': 'keyboard.send_keys', 'target': None, 'friendlyName': 'Key: Tab', 'payload': {'primary': 'Tab'}}, {'id': 'step_2lxc9puum', 'action': 'element.type', 'target': '#UserName', 'targetType': 'id', 'friendlyName': 'Input: User Name', 'payload': {'primary': 'Ecampusadmin'}}, {'id': 'step_c4i09aqbw', 'action': 'element.click', 'target': '#Password', 'targetType': 'id', 'friendlyName': 'Input: User Password', 'payload': {}}, {'id': 'step_pbbog0ya7', 'action': 'element.type', 'target': '#Password', 'targetType': 'id', 'friendlyName': 'Input: User Password', 'payload': {'primary': 'Ec@ampus@admin116'}}, {'id': 'step_0p735uz7p', 'action': 'element.click', 'target': '#Password', 'targetType': 'id', 'friendlyName': 'Input: User Password', 'payload': {}}, {'id': 'step_4ccbkhg5h', 'action': 'element.click', 'target': '#Password', 'targetType': 'id', 'friendlyName': 'Input: User Password', 'payload': {}}, {'id': 'step_xangqr2op', 'action': 'element.click', 'target': 'ctrl_245746474', 'targetType': 'fallback_hash', 'friendlyName': 'Button: LOGIN', 'payload': {}}]}}
2026-06-08 20:14:14,240 [INFO] [Inbound] Received Command: LIST_WORKFLOWS | Payload: {}
2026-06-08 20:14:44,255 [INFO] connection closed
2026-06-08 20:15:07,715 [INFO] connection open
2026-06-08 20:15:07,715 [INFO] [Network] New connection attempt from 127.0.0.1
2026-06-08 20:15:07,716 [INFO] [Inbound] Received Command: AUTH | Payload: {'key': 'ac1890957e38af28cd5d0961e6d0d530'}
2026-06-08 20:15:07,718 [INFO] [Auth] Extension connected and authenticated securely.
2026-06-08 20:15:07,719 [INFO] [Inbound] Received Command: LIST_WORKFLOWS | Payload: {}
2026-06-08 20:15:14,261 [INFO] [Inbound] Received Command: LIST_WORKFLOWS | Payload: {}
2026-06-08 20:15:44,272 [INFO] connection closed
2026-06-08 20:18:07,482 [INFO] connection open
2026-06-08 20:18:07,483 [INFO] [Network] New connection attempt from 127.0.0.1
2026-06-08 20:18:07,484 [INFO] [Inbound] Received Command: AUTH | Payload: {'key': 'ac1890957e38af28cd5d0961e6d0d530'}
2026-06-08 20:18:07,485 [INFO] [Auth] Extension connected and authenticated securely.
2026-06-08 20:18:07,486 [INFO] [Inbound] Received Command: LIST_WORKFLOWS | Payload: {}
2026-06-08 20:18:09,502 [INFO] [Inbound] Received Command: LIST_WORKFLOWS | Payload: {}
2026-06-08 20:19:19,270 [INFO] connection closed
2026-06-08 20:27:14,150 [INFO] connection open
2026-06-08 20:27:14,150 [INFO] [Network] New connection attempt from 127.0.0.1
2026-06-08 20:27:14,152 [INFO] [Inbound] Received Command: AUTH | Payload: {'key': 'ac1890957e38af28cd5d0961e6d0d530'}
2026-06-08 20:27:14,153 [INFO] [Auth] Extension connected and authenticated securely.
2026-06-08 20:27:14,155 [INFO] [Inbound] Received Command: LIST_WORKFLOWS | Payload: {}
2026-06-08 20:27:16,415 [INFO] [Inbound] Received Command: LIST_WORKFLOWS | Payload: {}
2026-06-08 20:27:57,514 [INFO] [Inbound] Received Command: LIST_WORKFLOWS | Payload: {}
2026-06-08 20:28:05,894 [INFO] [Inbound] Received Command: LIST_WORKFLOWS | Payload: {}
2026-06-08 20:28:39,315 [INFO] [Inbound] Received Command: LIST_WORKFLOWS | Payload: {}
2026-06-08 20:28:49,671 [INFO] [Inbound] Received Command: LIST_WORKFLOWS | Payload: {}
2026-06-08 20:29:42,039 [INFO] connection closed
2026-06-08 20:40:56,157 [INFO] connection open
2026-06-08 20:40:56,157 [INFO] [Network] New connection attempt from 127.0.0.1
2026-06-08 20:40:56,159 [INFO] [Inbound] Received Command: AUTH | Payload: {'key': 'ac1890957e38af28cd5d0961e6d0d530'}
2026-06-08 20:40:56,161 [INFO] [Auth] Extension connected and authenticated securely.
2026-06-08 20:40:56,162 [INFO] [Inbound] Received Command: LIST_WORKFLOWS | Payload: {}
2026-06-08 20:41:03,101 [INFO] [Inbound] Received Command: LOAD_WORKFLOW | Payload: {'filename': 'search apple on google 2.json'}
2026-06-08 20:41:04,350 [INFO] [Inbound] Received Command: LIST_WORKFLOWS | Payload: {}
2026-06-08 20:41:04,353 [INFO] [Inbound] Received Command: LIST_WORKFLOWS | Payload: {}
2026-06-08 20:41:08,943 [INFO] [Inbound] Received Command: LIST_WORKFLOWS | Payload: {}
2026-06-08 20:41:08,945 [INFO] [Inbound] Received Command: LIST_WORKFLOWS | Payload: {}
2026-06-08 20:41:08,947 [INFO] [Inbound] Received Command: LIST_WORKFLOWS | Payload: {}
2026-06-08 20:41:08,948 [INFO] [Inbound] Received Command: LIST_WORKFLOWS | Payload: {}
2026-06-08 20:41:11,287 [INFO] [Inbound] Received Command: LIST_WORKFLOWS | Payload: {}
2026-06-08 20:41:11,290 [INFO] [Inbound] Received Command: LIST_WORKFLOWS | Payload: {}
2026-06-08 20:41:11,291 [INFO] [Inbound] Received Command: LIST_WORKFLOWS | Payload: {}
2026-06-08 20:41:11,293 [INFO] [Inbound] Received Command: LIST_WORKFLOWS | Payload: {}
2026-06-08 20:41:11,299 [INFO] [Inbound] Received Command: LIST_WORKFLOWS | Payload: {}
2026-06-08 20:41:11,301 [INFO] [Inbound] Received Command: LIST_WORKFLOWS | Payload: {}
2026-06-08 20:41:11,302 [INFO] [Inbound] Received Command: LIST_WORKFLOWS | Payload: {}
2026-06-08 20:41:11,304 [INFO] [Inbound] Received Command: LIST_WORKFLOWS | Payload: {}
2026-06-08 20:41:13,557 [INFO] [Inbound] Received Command: LIST_WORKFLOWS | Payload: {}
2026-06-08 20:41:13,560 [INFO] [Inbound] Received Command: LIST_WORKFLOWS | Payload: {}
2026-06-08 20:41:13,563 [INFO] [Inbound] Received Command: LIST_WORKFLOWS | Payload: {}
2026-06-08 20:41:13,571 [INFO] [Inbound] Received Command: LIST_WORKFLOWS | Payload: {}
2026-06-08 20:41:13,589 [INFO] [Inbound] Received Command: LIST_WORKFLOWS | Payload: {}
2026-06-08 20:41:13,595 [INFO] [Inbound] Received Command: LIST_WORKFLOWS | Payload: {}
2026-06-08 20:41:13,601 [INFO] [Inbound] Received Command: LIST_WORKFLOWS | Payload: {}
2026-06-08 20:41:13,605 [INFO] [Inbound] Received Command: LIST_WORKFLOWS | Payload: {}
2026-06-08 20:41:13,606 [INFO] [Inbound] Received Command: LIST_WORKFLOWS | Payload: {}
2026-06-08 20:41:13,608 [INFO] [Inbound] Received Command: LIST_WORKFLOWS | Payload: {}
2026-06-08 20:41:13,610 [INFO] [Inbound] Received Command: LIST_WORKFLOWS | Payload: {}
2026-06-08 20:41:13,614 [INFO] [Inbound] Received Command: LIST_WORKFLOWS | Payload: {}
2026-06-08 20:41:13,616 [INFO] [Inbound] Received Command: LIST_WORKFLOWS | Payload: {}
2026-06-08 20:41:13,617 [INFO] [Inbound] Received Command: LIST_WORKFLOWS | Payload: {}
2026-06-08 20:41:13,618 [INFO] [Inbound] Received Command: LIST_WORKFLOWS | Payload: {}
2026-06-08 20:41:13,620 [INFO] [Inbound] Received Command: LIST_WORKFLOWS | Payload: {}
2026-06-08 20:41:15,793 [INFO] [Inbound] Received Command: LIST_WORKFLOWS | Payload: {}
2026-06-08 20:42:26,318 [INFO] [Inbound] Received Command: LIST_WORKFLOWS | Payload: {}
2026-06-08 20:42:28,050 [INFO] [Inbound] Received Command: LIST_WORKFLOWS | Payload: {}
2026-06-08 20:42:28,052 [INFO] [Inbound] Received Command: LIST_WORKFLOWS | Payload: {}
2026-06-08 20:42:28,053 [INFO] [Inbound] Received Command: LIST_WORKFLOWS | Payload: {}
2026-06-08 20:42:28,054 [INFO] [Inbound] Received Command: LIST_WORKFLOWS | Payload: {}
2026-06-08 20:42:28,056 [INFO] [Inbound] Received Command: LIST_WORKFLOWS | Payload: {}
2026-06-08 20:42:28,058 [INFO] [Inbound] Received Command: LIST_WORKFLOWS | Payload: {}
2026-06-08 20:42:28,062 [INFO] [Inbound] Received Command: LIST_WORKFLOWS | Payload: {}
2026-06-08 20:42:28,064 [INFO] [Inbound] Received Command: LIST_WORKFLOWS | Payload: {}
2026-06-08 20:42:28,065 [INFO] [Inbound] Received Command: LIST_WORKFLOWS | Payload: {}
2026-06-08 20:42:28,067 [INFO] [Inbound] Received Command: LIST_WORKFLOWS | Payload: {}
2026-06-08 20:42:28,071 [INFO] [Inbound] Received Command: LIST_WORKFLOWS | Payload: {}
2026-06-08 20:42:28,073 [INFO] [Inbound] Received Command: LIST_WORKFLOWS | Payload: {}
2026-06-08 20:42:28,074 [INFO] [Inbound] Received Command: LIST_WORKFLOWS | Payload: {}
2026-06-08 20:42:28,086 [INFO] [Inbound] Received Command: LIST_WORKFLOWS | Payload: {}
2026-06-08 20:42:28,090 [INFO] [Inbound] Received Command: LIST_WORKFLOWS | Payload: {}
2026-06-08 20:42:28,091 [INFO] [Inbound] Received Command: LIST_WORKFLOWS | Payload: {}
2026-06-08 20:42:28,093 [INFO] [Inbound] Received Command: LIST_WORKFLOWS | Payload: {}
2026-06-08 20:42:28,096 [INFO] [Inbound] Received Command: LIST_WORKFLOWS | Payload: {}
2026-06-08 20:42:28,098 [INFO] [Inbound] Received Command: LIST_WORKFLOWS | Payload: {}
2026-06-08 20:42:28,099 [INFO] [Inbound] Received Command: LIST_WORKFLOWS | Payload: {}
2026-06-08 20:42:28,101 [INFO] [Inbound] Received Command: LIST_WORKFLOWS | Payload: {}
2026-06-08 20:42:28,102 [INFO] [Inbound] Received Command: LIST_WORKFLOWS | Payload: {}
2026-06-08 20:42:28,104 [INFO] [Inbound] Received Command: LIST_WORKFLOWS | Payload: {}
2026-06-08 20:42:28,106 [INFO] [Inbound] Received Command: LIST_WORKFLOWS | Payload: {}
2026-06-08 20:42:28,109 [INFO] [Inbound] Received Command: LIST_WORKFLOWS | Payload: {}
2026-06-08 20:42:28,111 [INFO] [Inbound] Received Command: LIST_WORKFLOWS | Payload: {}
2026-06-08 20:42:28,113 [INFO] [Inbound] Received Command: LIST_WORKFLOWS | Payload: {}
2026-06-08 20:42:28,114 [INFO] [Inbound] Received Command: LIST_WORKFLOWS | Payload: {}
2026-06-08 20:42:28,115 [INFO] [Inbound] Received Command: LIST_WORKFLOWS | Payload: {}
2026-06-08 20:42:28,116 [INFO] [Inbound] Received Command: LIST_WORKFLOWS | Payload: {}
2026-06-08 20:42:28,118 [INFO] [Inbound] Received Command: LIST_WORKFLOWS | Payload: {}
2026-06-08 20:42:28,120 [INFO] [Inbound] Received Command: LIST_WORKFLOWS | Payload: {}
2026-06-08 20:42:28,121 [INFO] [Inbound] Received Command: LIST_WORKFLOWS | Payload: {}
2026-06-08 20:42:28,122 [INFO] [Inbound] Received Command: LIST_WORKFLOWS | Payload: {}
2026-06-08 20:42:28,124 [INFO] [Inbound] Received Command: LIST_WORKFLOWS | Payload: {}
2026-06-08 20:43:19,021 [INFO] connection closed
2026-06-08 20:49:01,534 [INFO] connection open
2026-06-08 20:49:01,535 [INFO] [Network] New connection attempt from 127.0.0.1
2026-06-08 20:49:01,550 [INFO] connection open
2026-06-08 20:49:01,550 [INFO] [Network] New connection attempt from 127.0.0.1
2026-06-08 20:49:01,552 [INFO] [Inbound] Received Command: AUTH | Payload: {'key': 'ac1890957e38af28cd5d0961e6d0d530'}
2026-06-08 20:49:01,552 [INFO] [Auth] Extension connected and authenticated securely.
2026-06-08 20:49:01,555 [INFO] [Inbound] Received Command: LIST_WORKFLOWS | Payload: {}
2026-06-08 20:49:03,727 [INFO] [Inbound] Received Command: LIST_WORKFLOWS | Payload: {}
2026-06-08 20:49:03,729 [INFO] [Inbound] Received Command: LIST_WORKFLOWS | Payload: {}
2026-06-08 20:49:03,829 [INFO] [Inbound] Received Command: LIST_WORKFLOWS | Payload: {}
2026-06-08 20:49:20,266 [INFO] [Inbound] Received Command: LIST_WORKFLOWS | Payload: {}
2026-06-08 20:49:20,268 [INFO] [Inbound] Received Command: LIST_WORKFLOWS | Payload: {}
2026-06-08 20:49:45,902 [INFO] [Inbound] Received Command: LIST_WORKFLOWS | Payload: {}
2026-06-08 20:49:52,748 [INFO] [Inbound] Received Command: LIST_WORKFLOWS | Payload: {}
2026-06-08 20:50:07,378 [INFO] [Inbound] Received Command: LIST_WORKFLOWS | Payload: {}
2026-06-08 20:50:09,073 [INFO] [Inbound] Received Command: LIST_WORKFLOWS | Payload: {}
2026-06-08 20:50:09,076 [INFO] [Inbound] Received Command: LIST_WORKFLOWS | Payload: {}
2026-06-08 20:50:09,080 [INFO] [Inbound] Received Command: LIST_WORKFLOWS | Payload: {}
2026-06-08 20:50:09,082 [INFO] [Inbound] Received Command: LIST_WORKFLOWS | Payload: {}
2026-06-08 20:50:09,097 [INFO] [Inbound] Received Command: LIST_WORKFLOWS | Payload: {}
2026-06-08 20:50:09,102 [INFO] [Inbound] Received Command: LIST_WORKFLOWS | Payload: {}
2026-06-08 20:50:09,106 [INFO] [Inbound] Received Command: LIST_WORKFLOWS | Payload: {}
2026-06-08 20:50:09,108 [INFO] [Inbound] Received Command: LIST_WORKFLOWS | Payload: {}
2026-06-08 20:50:09,109 [INFO] [Inbound] Received Command: LIST_WORKFLOWS | Payload: {}
2026-06-08 20:50:09,111 [INFO] [Inbound] Received Command: LIST_WORKFLOWS | Payload: {}
2026-06-08 20:50:09,111 [INFO] [Inbound] Received Command: LIST_WORKFLOWS | Payload: {}
2026-06-08 20:50:09,307 [INFO] [Inbound] Received Command: LIST_WORKFLOWS | Payload: {}
2026-06-08 20:50:09,312 [INFO] [Inbound] Received Command: LIST_WORKFLOWS | Payload: {}
2026-06-08 20:50:09,314 [INFO] [Inbound] Received Command: LIST_WORKFLOWS | Payload: {}
2026-06-08 20:50:09,318 [INFO] [Inbound] Received Command: LIST_WORKFLOWS | Payload: {}
2026-06-08 20:50:09,322 [INFO] [Inbound] Received Command: LIST_WORKFLOWS | Payload: {}
2026-06-08 20:50:09,324 [INFO] [Inbound] Received Command: LIST_WORKFLOWS | Payload: {}
2026-06-08 20:50:09,325 [INFO] [Inbound] Received Command: LIST_WORKFLOWS | Payload: {}
2026-06-08 20:50:09,328 [INFO] [Inbound] Received Command: LIST_WORKFLOWS | Payload: {}
2026-06-08 20:50:09,330 [INFO] [Inbound] Received Command: LIST_WORKFLOWS | Payload: {}
2026-06-08 20:50:09,332 [INFO] [Inbound] Received Command: LIST_WORKFLOWS | Payload: {}
2026-06-08 20:50:09,344 [INFO] [Inbound] Received Command: LIST_WORKFLOWS | Payload: {}
2026-06-08 20:50:09,346 [INFO] [Inbound] Received Command: LIST_WORKFLOWS | Payload: {}
2026-06-08 20:50:09,347 [INFO] [Inbound] Received Command: LIST_WORKFLOWS | Payload: {}
2026-06-08 20:50:09,348 [INFO] [Inbound] Received Command: LIST_WORKFLOWS | Payload: {}
2026-06-08 20:50:09,350 [INFO] [Inbound] Received Command: LIST_WORKFLOWS | Payload: {}
2026-06-08 20:50:09,351 [INFO] [Inbound] Received Command: LIST_WORKFLOWS | Payload: {}
2026-06-08 20:50:09,353 [INFO] [Inbound] Received Command: LIST_WORKFLOWS | Payload: {}
2026-06-08 20:50:09,358 [INFO] [Inbound] Received Command: LIST_WORKFLOWS | Payload: {}
2026-06-08 20:50:09,359 [INFO] [Inbound] Received Command: LIST_WORKFLOWS | Payload: {}
2026-06-08 20:50:09,360 [INFO] [Inbound] Received Command: LIST_WORKFLOWS | Payload: {}
2026-06-08 20:50:09,361 [INFO] [Inbound] Received Command: LIST_WORKFLOWS | Payload: {}
2026-06-08 20:50:09,363 [INFO] [Inbound] Received Command: LIST_WORKFLOWS | Payload: {}
2026-06-08 20:50:13,814 [INFO] [Inbound] Received Command: LIST_WORKFLOWS | Payload: {}
2026-06-08 20:50:13,816 [INFO] [Inbound] Received Command: LIST_WORKFLOWS | Payload: {}
2026-06-08 20:50:13,817 [INFO] [Inbound] Received Command: LIST_WORKFLOWS | Payload: {}
2026-06-08 20:50:13,822 [INFO] [Inbound] Received Command: LIST_WORKFLOWS | Payload: {}
2026-06-08 20:50:13,823 [INFO] [Inbound] Received Command: LIST_WORKFLOWS | Payload: {}
2026-06-08 20:50:13,825 [INFO] [Inbound] Received Command: LIST_WORKFLOWS | Payload: {}
2026-06-08 20:50:13,826 [INFO] [Inbound] Received Command: LIST_WORKFLOWS | Payload: {}
2026-06-08 20:50:13,828 [INFO] [Inbound] Received Command: LIST_WORKFLOWS | Payload: {}
2026-06-08 20:50:13,835 [INFO] [Inbound] Received Command: LIST_WORKFLOWS | Payload: {}
2026-06-08 20:50:13,837 [INFO] [Inbound] Received Command: LIST_WORKFLOWS | Payload: {}
2026-06-08 20:50:13,839 [INFO] [Inbound] Received Command: LIST_WORKFLOWS | Payload: {}
2026-06-08 20:50:13,842 [INFO] [Inbound] Received Command: LIST_WORKFLOWS | Payload: {}
2026-06-08 20:50:13,846 [INFO] [Inbound] Received Command: LIST_WORKFLOWS | Payload: {}
2026-06-08 20:50:13,850 [INFO] [Inbound] Received Command: LIST_WORKFLOWS | Payload: {}
2026-06-08 20:50:13,853 [INFO] [Inbound] Received Command: LIST_WORKFLOWS | Payload: {}
2026-06-08 20:50:13,855 [INFO] [Inbound] Received Command: LIST_WORKFLOWS | Payload: {}
2026-06-08 20:50:13,857 [INFO] [Inbound] Received Command: LIST_WORKFLOWS | Payload: {}
2026-06-08 20:50:13,859 [INFO] [Inbound] Received Command: LIST_WORKFLOWS | Payload: {}
2026-06-08 20:50:13,861 [INFO] [Inbound] Received Command: LIST_WORKFLOWS | Payload: {}
2026-06-08 20:50:13,862 [INFO] [Inbound] Received Command: LIST_WORKFLOWS | Payload: {}
2026-06-08 20:50:13,864 [INFO] [Inbound] Received Command: LIST_WORKFLOWS | Payload: {}
2026-06-08 20:50:13,866 [INFO] [Inbound] Received Command: LIST_WORKFLOWS | Payload: {}
2026-06-08 20:50:13,867 [INFO] [Inbound] Received Command: LIST_WORKFLOWS | Payload: {}
2026-06-08 20:50:13,868 [INFO] [Inbound] Received Command: LIST_WORKFLOWS | Payload: {}
2026-06-08 20:50:13,870 [INFO] [Inbound] Received Command: LIST_WORKFLOWS | Payload: {}
2026-06-08 20:50:13,931 [INFO] [Inbound] Received Command: LIST_WORKFLOWS | Payload: {}
2026-06-08 20:50:13,956 [INFO] [Inbound] Received Command: LIST_WORKFLOWS | Payload: {}
2026-06-08 20:50:13,965 [INFO] [Inbound] Received Command: LIST_WORKFLOWS | Payload: {}
2026-06-08 20:50:13,966 [INFO] [Inbound] Received Command: LIST_WORKFLOWS | Payload: {}
2026-06-08 20:50:13,967 [INFO] [Inbound] Received Command: LIST_WORKFLOWS | Payload: {}
2026-06-08 20:50:13,969 [INFO] [Inbound] Received Command: LIST_WORKFLOWS | Payload: {}
2026-06-08 20:50:13,970 [INFO] [Inbound] Received Command: LIST_WORKFLOWS | Payload: {}
2026-06-08 20:50:13,972 [INFO] [Inbound] Received Command: LIST_WORKFLOWS | Payload: {}
2026-06-08 20:50:13,975 [INFO] [Inbound] Received Command: LIST_WORKFLOWS | Payload: {}
2026-06-08 20:50:13,978 [INFO] [Inbound] Received Command: LIST_WORKFLOWS | Payload: {}
2026-06-08 20:50:13,993 [INFO] [Inbound] Received Command: LIST_WORKFLOWS | Payload: {}
2026-06-08 20:50:13,995 [INFO] [Inbound] Received Command: LIST_WORKFLOWS | Payload: {}
2026-06-08 20:50:13,996 [INFO] [Inbound] Received Command: LIST_WORKFLOWS | Payload: {}
2026-06-08 20:50:13,997 [INFO] [Inbound] Received Command: LIST_WORKFLOWS | Payload: {}
2026-06-08 20:50:13,998 [INFO] [Inbound] Received Command: LIST_WORKFLOWS | Payload: {}
2026-06-08 20:50:14,000 [INFO] [Inbound] Received Command: LIST_WORKFLOWS | Payload: {}
2026-06-08 20:50:14,002 [INFO] [Inbound] Received Command: LIST_WORKFLOWS | Payload: {}
2026-06-08 20:50:14,004 [INFO] [Inbound] Received Command: LIST_WORKFLOWS | Payload: {}
2026-06-08 20:50:14,006 [INFO] [Inbound] Received Command: LIST_WORKFLOWS | Payload: {}
2026-06-08 20:50:50,316 [INFO] connection closed
2026-06-08 20:50:50,317 [INFO] connection closed
2026-06-08 20:51:12,928 [INFO] connection open
2026-06-08 20:51:12,928 [INFO] [Network] New connection attempt from 127.0.0.1
2026-06-08 20:51:12,944 [INFO] connection open
2026-06-08 20:51:12,944 [INFO] [Network] New connection attempt from 127.0.0.1
2026-06-08 20:51:12,946 [INFO] [Inbound] Received Command: AUTH | Payload: {'key': 'ac1890957e38af28cd5d0961e6d0d530'}
2026-06-08 20:51:12,947 [INFO] [Auth] Extension connected and authenticated securely.
2026-06-08 20:51:12,949 [INFO] [Inbound] Received Command: LIST_WORKFLOWS | Payload: {}
2026-06-08 20:51:20,233 [INFO] [Inbound] Received Command: LIST_WORKFLOWS | Payload: {}
2026-06-08 20:51:20,236 [INFO] [Inbound] Received Command: LIST_WORKFLOWS | Payload: {}
2026-06-08 20:53:21,465 [INFO] connection closed
2026-06-08 20:53:21,466 [INFO] connection closed
2026-06-08 21:28:48,001 [INFO] connection open
2026-06-08 21:28:48,001 [INFO] [Network] New connection attempt from 127.0.0.1
2026-06-08 21:28:48,003 [INFO] [Inbound] Received Command: AUTH | Payload: {'key': 'ac1890957e38af28cd5d0961e6d0d530'}
2026-06-08 21:28:48,003 [INFO] [Auth] Extension connected and authenticated securely.
2026-06-08 21:29:13,985 [INFO] ========================================
2026-06-08 21:29:13,986 [INFO]  BRunner Native OS Host Started
2026-06-08 21:29:13,986 [INFO]  Listening on ws://localhost:8999
2026-06-08 21:29:13,986 [INFO] ========================================
2026-06-08 21:29:13,986 [INFO]  YOUR PAIRING KEY: ac1890957e38af28cd5d0961e6d0d530
2026-06-08 21:29:13,986 [INFO] ========================================
2026-06-08 21:29:14,054 [INFO] server listening on [::1]:8999
2026-06-08 21:29:14,055 [INFO] server listening on 127.0.0.1:8999
2026-06-08 21:30:29,181 [INFO] connection open
2026-06-08 21:30:29,181 [INFO] [Network] New connection attempt from 127.0.0.1
2026-06-08 21:30:29,183 [INFO] [Inbound] Received Command: AUTH | Payload: {'key': 'ac1890957e38af28cd5d0961e6d0d530'}
2026-06-08 21:30:29,183 [INFO] [Auth] Extension connected and authenticated securely.
2026-06-08 21:31:27,290 [INFO] connection closed
2026-06-08 21:31:35,440 [INFO] connection open
2026-06-08 21:31:35,441 [INFO] [Network] New connection attempt from 127.0.0.1
2026-06-08 21:31:35,442 [INFO] [Inbound] Received Command: AUTH | Payload: {'key': 'ac1890957e38af28cd5d0961e6d0d530'}
2026-06-08 21:31:35,443 [INFO] [Auth] Extension connected and authenticated securely.
2026-06-08 21:32:49,818 [INFO] connection closed
2026-06-08 21:32:51,639 [INFO] connection open
2026-06-08 21:32:51,640 [INFO] [Network] New connection attempt from 127.0.0.1
2026-06-08 21:32:51,641 [INFO] [Inbound] Received Command: AUTH | Payload: {'key': 'ac1890957e38af28cd5d0961e6d0d530'}
2026-06-08 21:32:51,642 [INFO] [Auth] Extension connected and authenticated securely.
2026-06-08 21:32:51,643 [INFO] [Inbound] Received Command: LIST_WORKFLOWS | Payload: {}
2026-06-08 21:32:53,334 [INFO] [Inbound] Received Command: LIST_WORKFLOWS | Payload: {}
2026-06-08 21:33:49,453 [INFO] connection closed
2026-06-08 21:37:39,902 [INFO] connection open
2026-06-08 21:37:39,902 [INFO] [Network] New connection attempt from 127.0.0.1
2026-06-08 21:37:39,904 [INFO] [Inbound] Received Command: AUTH | Payload: {'key': 'ac1890957e38af28cd5d0961e6d0d530'}
2026-06-08 21:37:39,905 [INFO] [Auth] Extension connected and authenticated securely.
2026-06-08 21:37:39,906 [INFO] [Inbound] Received Command: LIST_WORKFLOWS | Payload: {}
2026-06-08 21:37:42,275 [INFO] [Inbound] Received Command: LIST_WORKFLOWS | Payload: {}
2026-06-08 21:38:34,799 [INFO] connection closed
2026-06-08 21:39:00,663 [INFO] connection open
2026-06-08 21:39:00,663 [INFO] [Network] New connection attempt from 127.0.0.1
2026-06-08 21:39:00,669 [INFO] [Inbound] Received Command: AUTH | Payload: {'key': 'ac1890957e38af28cd5d0961e6d0d530'}
2026-06-08 21:39:00,670 [INFO] [Auth] Extension connected and authenticated securely.
2026-06-08 21:39:00,671 [INFO] [Inbound] Received Command: LIST_WORKFLOWS | Payload: {}
2026-06-08 21:39:02,615 [INFO] [Inbound] Received Command: LIST_WORKFLOWS | Payload: {}
2026-06-08 21:39:32,656 [INFO] connection closed
2026-06-08 21:40:53,872 [INFO] connection open
2026-06-08 21:40:53,873 [INFO] [Network] New connection attempt from 127.0.0.1
2026-06-08 21:40:53,893 [INFO] connection open
2026-06-08 21:40:53,894 [INFO] [Network] New connection attempt from 127.0.0.1
2026-06-08 21:40:53,895 [INFO] [Inbound] Received Command: AUTH | Payload: {'key': 'ac1890957e38af28cd5d0961e6d0d530'}
2026-06-08 21:40:53,895 [INFO] [Auth] Extension connected and authenticated securely.
2026-06-08 21:40:53,897 [INFO] [Inbound] Received Command: LIST_WORKFLOWS | Payload: {}
2026-06-08 21:40:54,991 [INFO] [Inbound] Received Command: LIST_WORKFLOWS | Payload: {}
2026-06-08 21:40:55,111 [INFO] [Inbound] Received Command: LIST_WORKFLOWS | Payload: {}
2026-06-08 21:40:57,109 [INFO] [Inbound] Received Command: LIST_WORKFLOWS | Payload: {}
2026-06-08 21:40:58,122 [INFO] [Inbound] Received Command: LIST_WORKFLOWS | Payload: {}
2026-06-08 21:41:00,266 [INFO] [Inbound] Received Command: LIST_WORKFLOWS | Payload: {}
2026-06-08 21:41:00,768 [INFO] [Inbound] Received Command: LIST_WORKFLOWS | Payload: {}
2026-06-08 21:41:01,687 [INFO] [Inbound] Received Command: LIST_WORKFLOWS | Payload: {}
2026-06-08 21:41:33,802 [INFO] connection closed
2026-06-08 21:41:33,802 [INFO] connection closed
2026-06-08 21:47:24,518 [INFO] connection open
2026-06-08 21:47:24,519 [INFO] [Network] New connection attempt from 127.0.0.1
2026-06-08 21:47:24,521 [INFO] [Inbound] Received Command: AUTH | Payload: {'key': 'ac1890957e38af28cd5d0961e6d0d530'}
2026-06-08 21:47:24,522 [INFO] [Auth] Extension connected and authenticated securely.
2026-06-08 21:47:24,523 [INFO] [Inbound] Received Command: LIST_WORKFLOWS | Payload: {}
2026-06-08 21:47:24,597 [INFO] [Inbound] Received Command: LIST_WORKFLOWS | Payload: {}
2026-06-08 21:47:25,488 [INFO] [Inbound] Received Command: LIST_WORKFLOWS | Payload: {}
2026-06-08 21:47:25,577 [INFO] [Inbound] Received Command: LIST_WORKFLOWS | Payload: {}
2026-06-08 21:47:49,555 [INFO] [Inbound] Received Command: LIST_WORKFLOWS | Payload: {}
2026-06-08 21:47:49,558 [INFO] [Inbound] Received Command: LIST_WORKFLOWS | Payload: {}
2026-06-08 21:48:00,263 [INFO] [Inbound] Received Command: LIST_WORKFLOWS | Payload: {}
2026-06-08 21:48:06,411 [INFO] [Inbound] Received Command: LIST_WORKFLOWS | Payload: {}
2026-06-08 21:48:06,455 [INFO] [Inbound] Received Command: LIST_WORKFLOWS | Payload: {}
