2026-07-01 23:25:26,509 [INFO] ========================================
2026-07-01 23:25:26,509 [INFO]  BRunner Native OS Host Started
2026-07-01 23:25:26,509 [INFO]  Listening on ws://localhost:8999
2026-07-01 23:25:26,509 [INFO] ========================================
2026-07-01 23:25:26,509 [INFO]  YOUR PAIRING KEY: ac1890957e38af28cd5d0961e6d0d530
2026-07-01 23:25:26,509 [INFO] ========================================
2026-07-01 23:25:26,556 [INFO] server listening on [::1]:8999
2026-07-01 23:25:26,556 [INFO] server listening on 127.0.0.1:8999
2026-07-02 18:32:50,286 [INFO] [Companion] Host start requested.
2026-07-02 18:32:52,150 [INFO] ========================================
2026-07-02 18:32:52,151 [INFO]  BRunner Native OS Host Started
2026-07-02 18:32:52,152 [INFO]  Listening on ws://localhost:8999
2026-07-02 18:32:52,152 [INFO] ========================================
2026-07-02 18:32:52,152 [INFO]  YOUR PAIRING KEY: ac1890957e38af28cd5d0961e6d0d530
2026-07-02 18:32:52,153 [INFO] ========================================
2026-07-02 18:32:52,345 [INFO] server listening on 127.0.0.1:8999
2026-07-02 18:32:52,345 [INFO] server listening on [::1]:8999
2026-07-02 18:33:06,241 [INFO] connection open
2026-07-02 18:33:06,241 [INFO] [Network] New connection attempt from 127.0.0.1
2026-07-02 18:33:06,268 [INFO] [Inbound] Command: AUTH | Request ID: none
2026-07-02 18:33:06,269 [INFO] [Auth] Extension connected and authenticated securely.
2026-07-02 18:33:12,561 [INFO] connection closed
2026-07-02 18:33:12,890 [INFO] connection open
2026-07-02 18:33:12,890 [INFO] [Network] New connection attempt from 127.0.0.1
2026-07-02 18:33:12,908 [INFO] [Inbound] Command: AUTH | Request ID: none
2026-07-02 18:33:12,908 [INFO] [Auth] Extension connected and authenticated securely.
2026-07-02 18:33:14,512 [INFO] [Inbound] Command: LIST_WORKFLOWS | Request ID: 1
2026-07-02 18:33:15,816 [INFO] [Inbound] Command: HOST_HELLO | Request ID: 2
2026-07-02 18:33:15,824 [ERROR] [Command] HOST_HELLO failed: __main__.response() got multiple values for keyword argument 'status'
2026-07-02 18:33:15,929 [INFO] [Inbound] Command: LIST_WORKFLOWS | Request ID: 3
2026-07-02 18:33:21,217 [INFO] [Inbound] Command: HOST_HELLO | Request ID: 4
2026-07-02 18:33:21,220 [ERROR] [Command] HOST_HELLO failed: __main__.response() got multiple values for keyword argument 'status'
2026-07-02 18:33:21,232 [INFO] [Inbound] Command: LIST_WORKFLOWS | Request ID: 5
2026-07-02 18:33:21,248 [INFO] [Inbound] Command: LIST_APPROVED_DIRECTORIES | Request ID: 6
2026-07-02 18:33:47,095 [INFO] [Inbound] Command: LOAD_WORKFLOW | Request ID: 7
2026-07-02 18:33:52,513 [INFO] [Inbound] Command: HOST_HELLO | Request ID: 8
2026-07-02 18:33:52,514 [ERROR] [Command] HOST_HELLO failed: __main__.response() got multiple values for keyword argument 'status'
2026-07-02 18:33:52,523 [INFO] [Inbound] Command: LIST_WORKFLOWS | Request ID: 9
2026-07-02 18:33:52,531 [INFO] [Inbound] Command: LOAD_WORKFLOW | Request ID: 10
2026-07-02 18:33:56,942 [INFO] [Inbound] Command: READ_FILE | Request ID: 11
2026-07-02 18:33:57,075 [INFO] [File] Read approved local file: name=local-upload-acceptance.txt size=35
2026-07-02 18:34:57,989 [INFO] [Inbound] Command: READ_FILE | Request ID: 12
2026-07-02 18:34:57,994 [INFO] [File] Read approved local file: name=local-upload-acceptance.txt size=35
2026-07-02 18:35:07,304 [INFO] [Inbound] Command: READ_FILE | Request ID: 13
2026-07-02 18:35:07,318 [INFO] [File] Read approved local file: name=local-upload-acceptance.txt size=35
2026-07-02 18:35:52,314 [INFO] connection closed
2026-07-02 18:36:07,749 [INFO] connection open
2026-07-02 18:36:07,749 [INFO] [Network] New connection attempt from 127.0.0.1
2026-07-02 18:36:07,752 [INFO] [Inbound] Command: AUTH | Request ID: none
2026-07-02 18:36:07,753 [INFO] [Auth] Extension connected and authenticated securely.
2026-07-02 18:38:06,870 [INFO] connection closed
2026-07-02 18:42:41,908 [INFO] [Companion] Host start requested.
2026-07-02 18:42:43,265 [INFO] ========================================
2026-07-02 18:42:43,265 [INFO]  BRunner Native OS Host Started
2026-07-02 18:42:43,265 [INFO]  Listening on ws://localhost:8999
2026-07-02 18:42:43,266 [INFO] ========================================
2026-07-02 18:42:43,266 [INFO]  YOUR PAIRING KEY: ac1890957e38af28cd5d0961e6d0d530
2026-07-02 18:42:43,266 [INFO] ========================================
2026-07-02 18:42:43,340 [INFO] server listening on 127.0.0.1:8999
2026-07-02 18:42:43,341 [INFO] server listening on [::1]:8999
2026-07-02 18:42:51,306 [INFO] connection open
2026-07-02 18:42:51,306 [INFO] [Network] New connection attempt from 127.0.0.1
2026-07-02 18:42:51,311 [INFO] [Inbound] Command: AUTH | Request ID: none
2026-07-02 18:42:51,312 [INFO] [Auth] Extension connected and authenticated securely.
2026-07-02 18:42:51,316 [INFO] [Inbound] Command: LIST_WORKFLOWS | Request ID: 1
2026-07-02 18:42:57,444 [INFO] [Inbound] Command: HOST_HELLO | Request ID: 2
2026-07-02 18:42:57,447 [ERROR] [Command] HOST_HELLO failed: __main__.response() got multiple values for keyword argument 'status'
2026-07-02 18:42:57,521 [INFO] [Inbound] Command: LIST_WORKFLOWS | Request ID: 3
2026-07-02 18:42:57,543 [INFO] [Inbound] Command: LOAD_WORKFLOW | Request ID: 4
2026-07-02 18:43:02,878 [INFO] [Inbound] Command: LOAD_WORKFLOW | Request ID: 5
2026-07-02 18:43:06,005 [INFO] [Inbound] Command: LOAD_WORKFLOW | Request ID: 6
2026-07-02 18:43:06,989 [INFO] [Inbound] Command: LOAD_WORKFLOW | Request ID: 7
2026-07-02 18:43:11,397 [INFO] [Inbound] Command: HOST_HELLO | Request ID: 8
2026-07-02 18:43:11,400 [ERROR] [Command] HOST_HELLO failed: __main__.response() got multiple values for keyword argument 'status'
2026-07-02 18:43:11,411 [INFO] [Inbound] Command: LIST_WORKFLOWS | Request ID: 9
2026-07-02 18:43:11,423 [INFO] [Inbound] Command: LIST_APPROVED_DIRECTORIES | Request ID: 10
2026-07-02 18:43:11,434 [INFO] [Inbound] Command: LOAD_WORKFLOW | Request ID: 11
2026-07-02 18:43:14,959 [INFO] [Inbound] Command: LOAD_WORKFLOW | Request ID: 12
2026-07-02 18:43:31,308 [INFO] [Inbound] Command: HOST_HELLO | Request ID: 13
2026-07-02 18:43:31,310 [ERROR] [Command] HOST_HELLO failed: __main__.response() got multiple values for keyword argument 'status'
2026-07-02 18:43:31,320 [INFO] [Inbound] Command: LIST_WORKFLOWS | Request ID: 14
2026-07-02 18:43:31,329 [INFO] [Inbound] Command: LOAD_WORKFLOW | Request ID: 15
2026-07-02 18:43:44,082 [INFO] connection rejected (426 Upgrade Required)
2026-07-02 18:43:44,084 [INFO] connection closed
2026-07-02 18:43:44,250 [INFO] connection rejected (426 Upgrade Required)
2026-07-02 18:43:44,251 [INFO] connection closed
2026-07-02 18:43:45,793 [INFO] [Inbound] Command: READ_FILE | Request ID: 16
2026-07-02 18:43:45,939 [INFO] [File] Read approved local file: name=local-upload-acceptance.txt size=35
2026-07-02 18:44:00,903 [INFO] [Inbound] Command: SAVE_WORKFLOW | Request ID: 17
2026-07-02 18:44:00,916 [INFO] [Inbound] Command: LIST_WORKFLOWS | Request ID: 18
2026-07-02 18:44:02,320 [INFO] [Inbound] Command: LIST_WORKFLOWS | Request ID: 19
2026-07-02 18:44:11,912 [INFO] [Inbound] Command: SAVE_WORKFLOW | Request ID: 20
2026-07-02 18:44:11,922 [INFO] [Inbound] Command: LIST_WORKFLOWS | Request ID: 21
2026-07-02 18:44:13,024 [INFO] [Inbound] Command: LIST_WORKFLOWS | Request ID: 22
2026-07-02 18:44:32,546 [INFO] connection rejected (426 Upgrade Required)
2026-07-02 18:44:32,547 [INFO] connection closed
2026-07-02 18:44:32,726 [INFO] connection rejected (426 Upgrade Required)
2026-07-02 18:44:32,727 [INFO] connection closed
2026-07-02 18:44:32,753 [INFO] connection rejected (426 Upgrade Required)
2026-07-02 18:44:32,755 [INFO] connection closed
2026-07-02 18:44:32,805 [INFO] connection rejected (426 Upgrade Required)
2026-07-02 18:44:32,806 [INFO] connection closed
2026-07-02 18:44:34,367 [INFO] [Inbound] Command: READ_FILE | Request ID: 23
2026-07-02 18:44:34,371 [INFO] [File] Read approved local file: name=local-upload-acceptance.txt size=35
2026-07-02 18:45:12,646 [INFO] [Inbound] Command: HOST_HELLO | Request ID: 24
2026-07-02 18:45:12,648 [ERROR] [Command] HOST_HELLO failed: __main__.response() got multiple values for keyword argument 'status'
2026-07-02 18:45:12,657 [INFO] [Inbound] Command: LIST_WORKFLOWS | Request ID: 25
2026-07-02 18:45:12,667 [INFO] [Inbound] Command: LIST_APPROVED_DIRECTORIES | Request ID: 26
2026-07-02 18:45:12,709 [INFO] [Inbound] Command: LOAD_WORKFLOW | Request ID: 27
2026-07-02 18:47:38,482 [INFO] connection closed
2026-07-02 18:48:37,184 [INFO] connection open
2026-07-02 18:48:37,184 [INFO] [Network] New connection attempt from 127.0.0.1
2026-07-02 18:48:37,186 [INFO] [Inbound] Command: AUTH | Request ID: none
2026-07-02 18:48:37,187 [INFO] [Auth] Extension connected and authenticated securely.
2026-07-02 18:51:28,807 [INFO] connection closed
2026-07-02 18:51:52,225 [INFO] server closing
2026-07-02 18:51:52,227 [INFO] server closed
2026-07-02 18:54:38,734 [INFO] [Companion] Host start requested.
2026-07-02 18:54:40,018 [INFO] ========================================
2026-07-02 18:54:40,019 [INFO]  BRunner Native OS Host Started
2026-07-02 18:54:40,020 [INFO]  Listening on ws://localhost:8999
2026-07-02 18:54:40,020 [INFO] ========================================
2026-07-02 18:54:40,020 [INFO]  YOUR PAIRING KEY: ac1890957e38af28cd5d0961e6d0d530
2026-07-02 18:54:40,021 [INFO] ========================================
2026-07-02 18:54:40,107 [INFO] server listening on [::1]:8999
2026-07-02 18:54:40,108 [INFO] server listening on 127.0.0.1:8999
2026-07-02 18:54:44,599 [INFO] connection open
2026-07-02 18:54:44,599 [INFO] [Network] New connection attempt from 127.0.0.1
2026-07-02 18:54:44,601 [INFO] [Inbound] Command: AUTH | Request ID: none
2026-07-02 18:54:44,602 [INFO] [Auth] Extension connected and authenticated securely.
2026-07-02 18:54:45,798 [INFO] [Inbound] Command: HOST_HELLO | Request ID: 1
2026-07-02 18:54:45,802 [ERROR] [Command] HOST_HELLO failed: __main__.response() got multiple values for keyword argument 'status'
2026-07-02 18:54:45,808 [INFO] [Inbound] Command: LIST_WORKFLOWS | Request ID: 2
2026-07-02 18:54:45,815 [INFO] [Inbound] Command: LOAD_WORKFLOW | Request ID: 3
2026-07-02 18:54:45,818 [INFO] [Inbound] Command: LIST_APPROVED_DIRECTORIES | Request ID: 4
2026-07-02 18:54:50,870 [INFO] [Inbound] Command: LOAD_WORKFLOW | Request ID: 5
2026-07-02 18:54:54,142 [INFO] [Inbound] Command: HOST_HELLO | Request ID: 6
2026-07-02 18:54:54,144 [ERROR] [Command] HOST_HELLO failed: __main__.response() got multiple values for keyword argument 'status'
2026-07-02 18:54:54,149 [INFO] [Inbound] Command: LIST_WORKFLOWS | Request ID: 7
2026-07-02 18:54:54,156 [INFO] [Inbound] Command: LOAD_WORKFLOW | Request ID: 8
2026-07-02 18:55:04,390 [INFO] [Inbound] Command: LIST_WORKFLOWS | Request ID: 9
2026-07-02 18:55:07,886 [INFO] [Inbound] Command: LOAD_WORKFLOW | Request ID: 10
2026-07-02 18:55:39,531 [INFO] connection closed
2026-07-02 18:56:04,603 [INFO] connection open
2026-07-02 18:56:04,604 [INFO] [Network] New connection attempt from 127.0.0.1
2026-07-02 18:56:04,605 [INFO] [Inbound] Command: AUTH | Request ID: none
2026-07-02 18:56:04,606 [INFO] [Auth] Extension connected and authenticated securely.
2026-07-02 18:56:39,497 [INFO] connection closed
2026-07-02 18:57:19,107 [INFO] connection open
2026-07-02 18:57:19,108 [INFO] [Network] New connection attempt from 127.0.0.1
2026-07-02 18:57:19,115 [INFO] [Inbound] Command: AUTH | Request ID: none
2026-07-02 18:57:19,115 [INFO] [Auth] Extension connected and authenticated securely.
2026-07-02 18:58:15,591 [INFO] connection closed
2026-07-02 18:58:30,156 [INFO] connection open
2026-07-02 18:58:30,157 [INFO] [Network] New connection attempt from 127.0.0.1
2026-07-02 18:58:30,158 [INFO] [Inbound] Command: AUTH | Request ID: none
2026-07-02 18:58:30,159 [INFO] [Auth] Extension connected and authenticated securely.
2026-07-02 18:58:35,847 [INFO] [Inbound] Command: LIST_WORKFLOWS | Request ID: 1
2026-07-02 18:58:41,375 [INFO] [Inbound] Command: LOAD_WORKFLOW | Request ID: 2
2026-07-02 18:59:29,536 [INFO] connection closed
2026-07-02 18:59:30,375 [INFO] connection open
2026-07-02 18:59:30,375 [INFO] [Network] New connection attempt from 127.0.0.1
2026-07-02 18:59:30,376 [INFO] [Inbound] Command: AUTH | Request ID: none
2026-07-02 18:59:30,377 [INFO] [Auth] Extension connected and authenticated securely.
2026-07-02 19:00:04,061 [INFO] connection closed
2026-07-02 19:00:37,736 [INFO] connection open
2026-07-02 19:00:37,736 [INFO] [Network] New connection attempt from 127.0.0.1
2026-07-02 19:00:37,755 [INFO] [Inbound] Command: AUTH | Request ID: none
2026-07-02 19:00:37,756 [INFO] [Auth] Extension connected and authenticated securely.
2026-07-02 19:01:48,964 [INFO] connection closed
2026-07-02 19:02:17,082 [INFO] connection open
2026-07-02 19:02:17,082 [INFO] [Network] New connection attempt from 127.0.0.1
2026-07-02 19:02:17,086 [INFO] [Inbound] Command: AUTH | Request ID: none
2026-07-02 19:02:17,087 [INFO] [Auth] Extension connected and authenticated securely.
2026-07-02 19:03:29,563 [INFO] connection closed
2026-07-02 19:03:29,811 [INFO] connection open
2026-07-02 19:03:29,812 [INFO] [Network] New connection attempt from 127.0.0.1
2026-07-02 19:03:29,823 [INFO] [Inbound] Command: AUTH | Request ID: none
2026-07-02 19:03:29,824 [INFO] [Auth] Extension connected and authenticated securely.
2026-07-02 19:03:34,087 [INFO] [Inbound] Command: LIST_WORKFLOWS | Request ID: 1
2026-07-02 19:03:38,367 [INFO] [Inbound] Command: LOAD_WORKFLOW | Request ID: 2
2026-07-02 19:03:42,539 [INFO] [Inbound] Command: HOST_HELLO | Request ID: 3
2026-07-02 19:03:42,541 [ERROR] [Command] HOST_HELLO failed: __main__.response() got multiple values for keyword argument 'status'
2026-07-02 19:03:42,604 [INFO] [Inbound] Command: LIST_WORKFLOWS | Request ID: 4
2026-07-02 19:03:42,640 [INFO] [Inbound] Command: LOAD_WORKFLOW | Request ID: 5
2026-07-02 19:04:12,686 [INFO] connection closed
2026-07-02 19:11:41,159 [INFO] [Companion] Host start requested.
2026-07-02 19:11:42,924 [INFO] ========================================
2026-07-02 19:11:42,926 [INFO]  BRunner Native OS Host Started
2026-07-02 19:11:42,926 [INFO]  Listening on ws://localhost:8999
2026-07-02 19:11:42,927 [INFO] ========================================
2026-07-02 19:11:42,927 [INFO]  YOUR PAIRING KEY: ac1890957e38af28cd5d0961e6d0d530
2026-07-02 19:11:42,927 [INFO] ========================================
2026-07-02 19:11:43,024 [INFO] server listening on 127.0.0.1:8999
2026-07-02 19:11:43,025 [INFO] server listening on [::1]:8999
2026-07-02 19:11:43,435 [INFO] connection open
2026-07-02 19:11:43,436 [INFO] [Network] New connection attempt from 127.0.0.1
2026-07-02 19:11:43,438 [INFO] [Inbound] Command: AUTH | Request ID: none
2026-07-02 19:11:43,438 [INFO] [Auth] Extension connected and authenticated securely.
2026-07-02 19:11:43,462 [INFO] [Inbound] Command: LIST_WORKFLOWS | Request ID: 2
2026-07-02 19:11:47,070 [INFO] [Inbound] Command: LOAD_WORKFLOW | Request ID: 3
2026-07-02 19:12:30,527 [INFO] [Inbound] Command: LOAD_WORKFLOW | Request ID: 4
2026-07-02 19:13:26,030 [INFO] connection closed
2026-07-02 19:13:36,135 [INFO] connection open
2026-07-02 19:13:36,135 [INFO] [Network] New connection attempt from 127.0.0.1
2026-07-02 19:13:36,135 [INFO] [Inbound] Command: AUTH | Request ID: none
2026-07-02 19:13:36,135 [INFO] [Auth] Extension connected and authenticated securely.
2026-07-02 19:14:06,150 [INFO] connection closed
2026-07-02 19:14:26,967 [INFO] connection open
2026-07-02 19:14:26,980 [INFO] [Network] New connection attempt from 127.0.0.1
2026-07-02 19:14:26,981 [INFO] [Inbound] Command: AUTH | Request ID: none
2026-07-02 19:14:26,982 [INFO] [Auth] Extension connected and authenticated securely.
2026-07-02 19:14:27,081 [INFO] [Inbound] Command: LIST_WORKFLOWS | Request ID: 1
2026-07-02 19:14:30,479 [INFO] [Inbound] Command: LOAD_WORKFLOW | Request ID: 2
2026-07-02 19:15:06,432 [INFO] connection closed
2026-07-02 19:16:25,795 [INFO] connection open
2026-07-02 19:16:25,796 [INFO] [Network] New connection attempt from 127.0.0.1
2026-07-02 19:16:25,798 [INFO] [Inbound] Command: AUTH | Request ID: none
2026-07-02 19:16:25,798 [INFO] [Auth] Extension connected and authenticated securely.
2026-07-02 19:16:30,368 [INFO] connection closed
2026-07-02 19:16:30,599 [INFO] connection open
2026-07-02 19:16:30,599 [INFO] [Network] New connection attempt from 127.0.0.1
2026-07-02 19:16:30,599 [INFO] [Inbound] Command: AUTH | Request ID: none
2026-07-02 19:16:30,599 [INFO] [Auth] Extension connected and authenticated securely.
2026-07-02 19:16:33,975 [INFO] [Inbound] Command: LIST_WORKFLOWS | Request ID: 1
2026-07-02 19:16:37,240 [INFO] [Inbound] Command: LOAD_WORKFLOW | Request ID: 2
2026-07-02 19:16:49,212 [INFO] [Inbound] Command: HOST_HELLO | Request ID: 3
2026-07-02 19:16:49,214 [ERROR] [Command] HOST_HELLO failed: __main__.response() got multiple values for keyword argument 'status'
2026-07-02 19:16:49,235 [INFO] [Inbound] Command: LIST_WORKFLOWS | Request ID: 4
2026-07-02 19:16:49,345 [INFO] [Inbound] Command: LOAD_WORKFLOW | Request ID: 5
2026-07-02 19:17:00,205 [INFO] [Inbound] Command: LOAD_WORKFLOW | Request ID: 6
2026-07-02 19:17:54,986 [INFO] connection closed
2026-07-02 19:19:14,654 [INFO] connection open
2026-07-02 19:19:14,658 [INFO] [Network] New connection attempt from 127.0.0.1
2026-07-02 19:19:14,659 [INFO] [Inbound] Command: AUTH | Request ID: none
2026-07-02 19:19:14,659 [INFO] [Auth] Extension connected and authenticated securely.
2026-07-02 19:19:14,757 [INFO] [Inbound] Command: LOAD_WORKFLOW | Request ID: 1
2026-07-02 19:19:17,673 [INFO] [Inbound] Command: READ_FILE | Request ID: 2
2026-07-02 19:19:17,789 [INFO] [File] Read approved local file: name=local-upload-acceptance.txt size=35
2026-07-02 19:19:48,463 [INFO] connection closed
2026-07-02 19:19:50,727 [INFO] connection open
2026-07-02 19:19:50,727 [INFO] [Network] New connection attempt from 127.0.0.1
2026-07-02 19:19:50,729 [INFO] [Inbound] Command: AUTH | Request ID: none
2026-07-02 19:19:50,730 [INFO] [Auth] Extension connected and authenticated securely.
2026-07-02 19:19:54,243 [INFO] [Inbound] Command: LIST_WORKFLOWS | Request ID: 1
2026-07-02 19:19:55,188 [INFO] [Inbound] Command: HOST_HELLO | Request ID: 2
2026-07-02 19:19:55,190 [ERROR] [Command] HOST_HELLO failed: __main__.response() got multiple values for keyword argument 'status'
2026-07-02 19:19:55,207 [INFO] [Inbound] Command: LIST_WORKFLOWS | Request ID: 3
2026-07-02 19:19:55,225 [INFO] [Inbound] Command: LOAD_WORKFLOW | Request ID: 4
2026-07-02 19:20:05,646 [INFO] [Inbound] Command: LOAD_WORKFLOW | Request ID: 5
2026-07-02 19:20:09,421 [INFO] [Inbound] Command: LOAD_WORKFLOW | Request ID: 6
2026-07-02 19:20:10,487 [INFO] [Inbound] Command: LOAD_WORKFLOW | Request ID: 7
2026-07-02 19:20:20,525 [INFO] [Inbound] Command: LOAD_WORKFLOW | Request ID: 8
2026-07-02 19:20:33,229 [INFO] [Inbound] Command: LOAD_WORKFLOW | Request ID: 9
2026-07-02 19:21:07,444 [INFO] connection closed
2026-07-02 19:55:43,327 [INFO] [Companion] Host start requested.
2026-07-02 19:55:44,566 [INFO] ========================================
2026-07-02 19:55:44,566 [INFO]  BRunner Native OS Host Started
2026-07-02 19:55:44,566 [INFO]  Listening on ws://localhost:8999
2026-07-02 19:55:44,566 [INFO] ========================================
2026-07-02 19:55:44,567 [INFO]  YOUR PAIRING KEY: ac1890957e38af28cd5d0961e6d0d530
2026-07-02 19:55:44,567 [INFO] ========================================
2026-07-02 19:55:44,634 [INFO] server listening on 127.0.0.1:8999
2026-07-02 19:55:44,635 [INFO] server listening on [::1]:8999
2026-07-02 19:55:46,145 [INFO] connection open
2026-07-02 19:55:46,146 [INFO] [Network] New connection attempt from 127.0.0.1
2026-07-02 19:55:46,147 [INFO] [Inbound] Command: AUTH | Request ID: none
2026-07-02 19:55:46,148 [INFO] [Auth] Extension connected and authenticated securely.
2026-07-02 19:55:46,255 [INFO] [Inbound] Command: LIST_WORKFLOWS | Request ID: 2
2026-07-02 19:55:50,902 [INFO] [Inbound] Command: LOAD_WORKFLOW | Request ID: 3
2026-07-02 19:56:26,848 [INFO] connection closed
2026-07-02 19:57:27,941 [INFO] connection open
2026-07-02 19:57:27,941 [INFO] [Network] New connection attempt from 127.0.0.1
2026-07-02 19:57:27,943 [INFO] [Inbound] Command: AUTH | Request ID: none
2026-07-02 19:57:27,943 [INFO] [Auth] Extension connected and authenticated securely.
2026-07-02 19:57:30,263 [INFO] [Inbound] Command: LOAD_WORKFLOW | Request ID: 1
2026-07-02 19:57:52,222 [INFO] [Inbound] Command: LOAD_WORKFLOW | Request ID: 2
2026-07-02 19:58:13,109 [INFO] [Inbound] Command: LOAD_WORKFLOW | Request ID: 3
2026-07-02 19:58:28,254 [INFO] [Inbound] Command: LOAD_WORKFLOW | Request ID: 4
2026-07-02 19:58:29,494 [INFO] [Inbound] Command: LOAD_WORKFLOW | Request ID: 5
2026-07-02 19:58:42,605 [INFO] [Inbound] Command: LOAD_WORKFLOW | Request ID: 6
2026-07-02 19:58:45,511 [INFO] [Inbound] Command: READ_FILE | Request ID: 7
2026-07-02 19:58:45,650 [INFO] [File] Read approved local file: name=local-upload-acceptance.txt size=35
2026-07-02 19:58:49,551 [INFO] [Inbound] Command: LOAD_WORKFLOW | Request ID: 8
2026-07-02 19:59:00,799 [INFO] [Inbound] Command: LOAD_WORKFLOW | Request ID: 9
2026-07-02 19:59:13,685 [INFO] [Inbound] Command: LOAD_WORKFLOW | Request ID: 10
2026-07-02 19:59:14,557 [INFO] [Inbound] Command: LOAD_WORKFLOW | Request ID: 11
2026-07-02 19:59:15,342 [INFO] [Inbound] Command: LOAD_WORKFLOW | Request ID: 12
2026-07-02 19:59:33,069 [INFO] [Inbound] Command: LOAD_WORKFLOW | Request ID: 13
2026-07-02 19:59:33,941 [INFO] [Inbound] Command: LOAD_WORKFLOW | Request ID: 14
2026-07-02 19:59:34,638 [INFO] [Inbound] Command: LOAD_WORKFLOW | Request ID: 15
2026-07-02 19:59:35,973 [INFO] [Inbound] Command: LOAD_WORKFLOW | Request ID: 16
2026-07-02 19:59:37,310 [INFO] [Inbound] Command: LOAD_WORKFLOW | Request ID: 17
2026-07-02 19:59:41,579 [INFO] [Inbound] Command: v2:host.window | Request ID: 18
2026-07-02 19:59:41,581 [INFO] [Fallback] host.window returned foreground-window status
2026-07-02 19:59:41,582 [INFO] [Inbound] Command: v2:host.action | Request ID: 19
2026-07-02 19:59:41,585 [WARNING] [Fallback] v2:host.action refused: Invalid coordinate confidence.
2026-07-02 20:00:36,141 [INFO] connection closed
2026-07-02 20:08:20,079 [INFO] connection open
2026-07-02 20:08:20,080 [INFO] [Network] New connection attempt from 127.0.0.1
2026-07-02 20:08:20,082 [INFO] [Inbound] Command: AUTH | Request ID: none
2026-07-02 20:08:20,084 [INFO] [Auth] Extension connected and authenticated securely.
2026-07-02 20:08:21,337 [INFO] connection closed
2026-07-02 20:08:21,700 [INFO] connection open
2026-07-02 20:08:21,700 [INFO] [Network] New connection attempt from 127.0.0.1
2026-07-02 20:08:21,708 [INFO] [Inbound] Command: AUTH | Request ID: none
2026-07-02 20:08:21,708 [INFO] [Auth] Extension connected and authenticated securely.
2026-07-02 20:08:26,170 [INFO] [Inbound] Command: LIST_WORKFLOWS | Request ID: 1
2026-07-02 20:08:27,019 [INFO] [Inbound] Command: HOST_HELLO | Request ID: 2
2026-07-02 20:08:27,021 [ERROR] [Command] HOST_HELLO failed: __main__.response() got multiple values for keyword argument 'status'
2026-07-02 20:08:27,117 [INFO] [Inbound] Command: LIST_WORKFLOWS | Request ID: 3
2026-07-02 20:08:27,129 [INFO] [Inbound] Command: LOAD_WORKFLOW | Request ID: 4
2026-07-02 20:08:31,853 [INFO] [Inbound] Command: v2:host.window | Request ID: 5
2026-07-02 20:08:31,853 [INFO] [Fallback] host.window returned foreground-window status
2026-07-02 20:08:31,853 [INFO] [Inbound] Command: v2:host.action | Request ID: 6
2026-07-02 20:08:31,853 [WARNING] [Fallback] v2:host.action refused: Invalid coordinate confidence.
2026-07-02 20:09:05,804 [INFO] connection closed
2026-07-02 20:09:09,108 [INFO] connection open
2026-07-02 20:09:09,108 [INFO] [Network] New connection attempt from 127.0.0.1
2026-07-02 20:09:09,121 [INFO] [Inbound] Command: AUTH | Request ID: none
2026-07-02 20:09:09,121 [INFO] [Auth] Extension connected and authenticated securely.
2026-07-02 20:09:12,822 [INFO] connection closed
2026-07-02 20:09:13,056 [INFO] connection open
2026-07-02 20:09:13,056 [INFO] [Network] New connection attempt from 127.0.0.1
2026-07-02 20:09:13,073 [INFO] [Inbound] Command: AUTH | Request ID: none
2026-07-02 20:09:13,074 [INFO] [Auth] Extension connected and authenticated securely.
2026-07-02 20:09:14,932 [INFO] [Inbound] Command: LIST_WORKFLOWS | Request ID: 1
2026-07-02 20:09:15,746 [INFO] [Inbound] Command: HOST_HELLO | Request ID: 2
2026-07-02 20:09:15,749 [ERROR] [Command] HOST_HELLO failed: __main__.response() got multiple values for keyword argument 'status'
2026-07-02 20:09:15,824 [INFO] [Inbound] Command: LIST_WORKFLOWS | Request ID: 3
2026-07-02 20:09:15,849 [INFO] [Inbound] Command: LOAD_WORKFLOW | Request ID: 4
2026-07-02 20:09:19,203 [INFO] [Inbound] Command: LIST_WORKFLOWS | Request ID: 5
2026-07-02 20:09:21,239 [INFO] [Inbound] Command: LOAD_WORKFLOW | Request ID: 6
2026-07-02 20:09:24,404 [INFO] [Inbound] Command: v2:host.window | Request ID: 7
2026-07-02 20:09:24,404 [INFO] [Fallback] host.window returned foreground-window status
2026-07-02 20:09:24,404 [INFO] [Inbound] Command: v2:host.action | Request ID: 8
2026-07-02 20:09:24,404 [WARNING] [Fallback] v2:host.action refused: Invalid coordinate confidence.
2026-07-02 20:09:54,426 [INFO] connection closed
2026-07-02 20:10:59,019 [INFO] [Companion] Host start requested.
2026-07-02 20:11:00,239 [INFO] ========================================
2026-07-02 20:11:00,240 [INFO]  BRunner Native OS Host Started
2026-07-02 20:11:00,240 [INFO]  Listening on ws://localhost:8999
2026-07-02 20:11:00,240 [INFO] ========================================
2026-07-02 20:11:00,241 [INFO]  YOUR PAIRING KEY: ac1890957e38af28cd5d0961e6d0d530
2026-07-02 20:11:00,241 [INFO] ========================================
2026-07-02 20:11:00,316 [INFO] server listening on [::1]:8999
2026-07-02 20:11:00,317 [INFO] server listening on 127.0.0.1:8999
2026-07-02 20:11:03,418 [INFO] connection open
2026-07-02 20:11:03,418 [INFO] [Network] New connection attempt from 127.0.0.1
2026-07-02 20:11:03,442 [INFO] [Inbound] Command: AUTH | Request ID: none
2026-07-02 20:11:03,443 [INFO] [Auth] Extension connected and authenticated securely.
2026-07-02 20:11:05,103 [INFO] [Inbound] Command: LIST_WORKFLOWS | Request ID: 1
2026-07-02 20:11:09,416 [INFO] [Inbound] Command: LOAD_WORKFLOW | Request ID: 2
2026-07-02 20:11:11,548 [INFO] [Inbound] Command: v2:host.window | Request ID: 3
2026-07-02 20:11:11,548 [INFO] [Fallback] host.window returned foreground-window status
2026-07-02 20:11:11,548 [INFO] [Inbound] Command: v2:host.action | Request ID: 4
2026-07-02 20:11:11,669 [INFO] [Fallback] host.action performed: click
2026-07-02 20:11:29,159 [INFO] [Inbound] Command: HOST_HELLO | Request ID: 5
2026-07-02 20:11:29,163 [ERROR] [Command] HOST_HELLO failed: __main__.response() got multiple values for keyword argument 'status'
2026-07-02 20:11:29,230 [INFO] [Inbound] Command: LIST_WORKFLOWS | Request ID: 6
2026-07-02 20:11:29,274 [INFO] [Inbound] Command: LOAD_WORKFLOW | Request ID: 7
2026-07-02 20:11:32,817 [INFO] [Inbound] Command: v2:host.window | Request ID: 8
2026-07-02 20:11:32,817 [INFO] [Fallback] host.window returned foreground-window status
2026-07-02 20:11:32,817 [INFO] [Inbound] Command: v2:host.action | Request ID: 9
2026-07-02 20:11:32,935 [INFO] [Fallback] host.action performed: click
2026-07-02 20:12:09,077 [INFO] connection closed
2026-07-02 20:19:14,503 [INFO] connection open
2026-07-02 20:19:14,504 [INFO] [Network] New connection attempt from 127.0.0.1
2026-07-02 20:19:14,506 [INFO] [Inbound] Command: AUTH | Request ID: none
2026-07-02 20:19:14,506 [INFO] [Auth] Extension connected and authenticated securely.
2026-07-02 20:19:51,322 [INFO] connection closed
2026-07-02 20:20:40,228 [INFO] [Companion] Host start requested.
2026-07-02 20:20:41,729 [INFO] ========================================
2026-07-02 20:20:41,729 [INFO]  BRunner Native OS Host Started
2026-07-02 20:20:41,730 [INFO]  Listening on ws://localhost:8999
2026-07-02 20:20:41,730 [INFO] ========================================
2026-07-02 20:20:41,730 [INFO]  YOUR PAIRING KEY: ac1890957e38af28cd5d0961e6d0d530
2026-07-02 20:20:41,731 [INFO] ========================================
2026-07-02 20:20:41,825 [INFO] server listening on 127.0.0.1:8999
2026-07-02 20:20:41,825 [INFO] server listening on [::1]:8999
2026-07-02 20:20:44,794 [INFO] connection open
2026-07-02 20:20:44,794 [INFO] [Network] New connection attempt from 127.0.0.1
2026-07-02 20:20:44,796 [INFO] [Inbound] Command: AUTH | Request ID: none
2026-07-02 20:20:44,797 [INFO] [Auth] Extension connected and authenticated securely.
2026-07-02 20:20:44,894 [INFO] [Inbound] Command: LIST_WORKFLOWS | Request ID: 2
2026-07-02 20:20:47,239 [INFO] [Inbound] Command: LOAD_WORKFLOW | Request ID: 3
2026-07-02 20:20:49,461 [INFO] [Inbound] Command: v2:host.window | Request ID: 4
2026-07-02 20:20:49,469 [INFO] [Fallback] host.window returned foreground-window status
2026-07-02 20:20:49,471 [INFO] [Inbound] Command: v2:host.action | Request ID: 5
2026-07-02 20:20:49,595 [INFO] [Fallback] host.action performed: click x=960.0 y=689.4375 confidence=0.92
2026-07-02 20:21:20,325 [INFO] connection closed
2026-07-02 20:22:27,134 [INFO] connection open
2026-07-02 20:22:27,134 [INFO] [Network] New connection attempt from 127.0.0.1
2026-07-02 20:22:27,137 [INFO] [Inbound] Command: AUTH | Request ID: none
2026-07-02 20:22:27,138 [INFO] [Auth] Extension connected and authenticated securely.
2026-07-02 20:22:27,140 [INFO] [Inbound] Command: HOST_HELLO | Request ID: 1
2026-07-02 20:22:27,142 [INFO] [Protocol] host.hello returned 18 capabilities
2026-07-02 20:22:27,149 [INFO] [Inbound] Command: LIST_WORKFLOWS | Request ID: 2
2026-07-02 20:22:27,156 [INFO] [Inbound] Command: LOAD_WORKFLOW | Request ID: 3
2026-07-02 20:23:07,085 [INFO] connection closed
2026-07-02 20:23:21,768 [INFO] connection open
2026-07-02 20:23:21,768 [INFO] [Network] New connection attempt from 127.0.0.1
2026-07-02 20:23:21,770 [INFO] [Inbound] Command: AUTH | Request ID: none
2026-07-02 20:23:21,770 [INFO] [Auth] Extension connected and authenticated securely.
2026-07-02 20:23:54,905 [INFO] [Inbound] Command: v2:host.window | Request ID: 1
2026-07-02 20:23:54,905 [INFO] [Fallback] host.window returned foreground-window status
2026-07-02 20:23:54,905 [INFO] [Inbound] Command: v2:host.action | Request ID: 2
2026-07-02 20:23:55,024 [INFO] [Fallback] host.action performed: click x=960.0 y=810.4375 confidence=0.92
2026-07-02 20:24:25,571 [INFO] connection closed
2026-07-02 20:38:54,567 [INFO] connection open
2026-07-02 20:38:54,568 [INFO] [Network] New connection attempt from 127.0.0.1
2026-07-02 20:38:54,576 [INFO] [Inbound] Command: AUTH | Request ID: none
2026-07-02 20:38:54,576 [INFO] [Auth] Extension connected and authenticated securely.
2026-07-02 20:38:55,894 [INFO] connection closed
2026-07-02 20:38:56,266 [INFO] connection open
2026-07-02 20:38:56,266 [INFO] [Network] New connection attempt from 127.0.0.1
2026-07-02 20:38:56,284 [INFO] [Inbound] Command: AUTH | Request ID: none
2026-07-02 20:38:56,285 [INFO] [Auth] Extension connected and authenticated securely.
2026-07-02 20:39:12,874 [INFO] [Companion] Host start requested.
2026-07-02 20:39:15,655 [INFO] ========================================
2026-07-02 20:39:15,656 [INFO]  BRunner Native OS Host Started
2026-07-02 20:39:15,657 [INFO]  Listening on ws://localhost:8999
2026-07-02 20:39:15,658 [INFO] ========================================
2026-07-02 20:39:15,658 [INFO]  YOUR PAIRING KEY: ac1890957e38af28cd5d0961e6d0d530
2026-07-02 20:39:15,658 [INFO] ========================================
2026-07-02 20:39:15,783 [INFO] server listening on [::1]:8999
2026-07-02 20:39:15,784 [INFO] server listening on 127.0.0.1:8999
2026-07-02 20:39:18,245 [INFO] connection open
2026-07-02 20:39:18,245 [INFO] [Network] New connection attempt from 127.0.0.1
2026-07-02 20:39:18,254 [INFO] [Inbound] Command: AUTH | Request ID: none
2026-07-02 20:39:18,255 [INFO] [Auth] Extension connected and authenticated securely.
2026-07-02 20:39:20,527 [INFO] [Inbound] Command: LIST_WORKFLOWS | Request ID: 1
2026-07-02 20:39:26,328 [INFO] [Inbound] Command: LOAD_WORKFLOW | Request ID: 2
2026-07-02 20:39:28,215 [INFO] [Inbound] Command: WRITE_APPROVED_FILE | Request ID: 3
2026-07-02 20:39:28,388 [INFO] [Directory] Wrote approved file: alias=allowedfiles name=generated-write.txt size=31
2026-07-02 20:39:28,936 [INFO] [Inbound] Command: EXPORT_DATA_FILE | Request ID: 4
2026-07-02 20:39:28,948 [INFO] [Directory] Exported approved data: alias=allowedfiles name=exported-data.json format=json
2026-07-02 20:39:29,484 [INFO] [Inbound] Command: FIND_APPROVED_FILES | Request ID: 5
2026-07-02 20:39:29,492 [INFO] [Directory] Listed approved files: alias=allowedfiles count=1
2026-07-02 20:40:00,674 [INFO] connection closed
